[2.144s] Invoking command in '/home/haliedo/IntroWorkSpaceQuynhAnh/src/py_pubsub': PYTHONPATH=/home/haliedo/IntroWorkSpaceQuynhAnh/build/py_pubsub/prefix_override:/home/haliedo/IntroWorkSpaceQuynhAnh/install/py_pubsub/lib/python3.8/site-packages:${PYTHONPATH} /usr/bin/python3 setup.py egg_info --egg-base ../../build/py_pubsub build --build-base /home/haliedo/IntroWorkSpaceQuynhAnh/build/py_pubsub/build install --record /home/haliedo/IntroWorkSpaceQuynhAnh/build/py_pubsub/install.log --install-scripts $base/lib/py_pubsub --single-version-externally-managed
[2.935s] running egg_info
[2.940s] writing ../../build/py_pubsub/py_pubsub.egg-info/PKG-INFO
[2.942s] writing dependency_links to ../../build/py_pubsub/py_pubsub.egg-info/dependency_links.txt
[2.943s] writing entry points to ../../build/py_pubsub/py_pubsub.egg-info/entry_points.txt
[2.945s] writing requirements to ../../build/py_pubsub/py_pubsub.egg-info/requires.txt
[2.946s] writing top-level names to ../../build/py_pubsub/py_pubsub.egg-info/top_level.txt
[3.107s] reading manifest file '../../build/py_pubsub/py_pubsub.egg-info/SOURCES.txt'
[3.110s] writing manifest file '../../build/py_pubsub/py_pubsub.egg-info/SOURCES.txt'
[3.112s] running build
[3.113s] running build_py
[3.114s] copying py_pubsub/danmei_is_life.py -> /home/haliedo/IntroWorkSpaceQuynhAnh/build/py_pubsub/build/lib/py_pubsub
[3.116s] running install
[3.119s] running install_lib
[3.123s] copying /home/haliedo/IntroWorkSpaceQuynhAnh/build/py_pubsub/build/lib/py_pubsub/danmei_is_life.py -> /home/haliedo/IntroWorkSpaceQuynhAnh/install/py_pubsub/lib/python3.8/site-packages/py_pubsub
[3.126s] byte-compiling /home/haliedo/IntroWorkSpaceQuynhAnh/install/py_pubsub/lib/python3.8/site-packages/py_pubsub/danmei_is_life.py to danmei_is_life.cpython-38.pyc
[3.132s] running install_data
[3.134s] running install_egg_info
[3.140s] removing '/home/haliedo/IntroWorkSpaceQuynhAnh/install/py_pubsub/lib/python3.8/site-packages/py_pubsub-0.0.0-py3.8.egg-info' (and everything under it)
[3.142s] Copying ../../build/py_pubsub/py_pubsub.egg-info to /home/haliedo/IntroWorkSpaceQuynhAnh/install/py_pubsub/lib/python3.8/site-packages/py_pubsub-0.0.0-py3.8.egg-info
[3.145s] running install_scripts
[3.215s] Installing unix_epoch_time_publisher script to /home/haliedo/IntroWorkSpaceQuynhAnh/install/py_pubsub/lib/py_pubsub
[3.217s] Installing unix_epoch_time_subscriber script to /home/haliedo/IntroWorkSpaceQuynhAnh/install/py_pubsub/lib/py_pubsub
[3.218s] writing list of installed files to '/home/haliedo/IntroWorkSpaceQuynhAnh/build/py_pubsub/install.log'
[3.299s] Invoked command in '/home/haliedo/IntroWorkSpaceQuynhAnh/src/py_pubsub' returned '0': PYTHONPATH=/home/haliedo/IntroWorkSpaceQuynhAnh/build/py_pubsub/prefix_override:/home/haliedo/IntroWorkSpaceQuynhAnh/install/py_pubsub/lib/python3.8/site-packages:${PYTHONPATH} /usr/bin/python3 setup.py egg_info --egg-base ../../build/py_pubsub build --build-base /home/haliedo/IntroWorkSpaceQuynhAnh/build/py_pubsub/build install --record /home/haliedo/IntroWorkSpaceQuynhAnh/build/py_pubsub/install.log --install-scripts $base/lib/py_pubsub --single-version-externally-managed
