[0.368s] DEBUG:colcon:Command line arguments: ['/usr/bin/colcon', 'build', '--packages-select', 'em_yeu_anh_ko_thuong_tiec_gi']
[0.368s] DEBUG:colcon:Parsed command line arguments: Namespace(allow_overriding=[], ament_cmake_args=None, base_paths=['.'], build_base='build', catkin_cmake_args=None, catkin_skip_building_tests=False, cmake_args=None, cmake_clean_cache=False, cmake_clean_first=False, cmake_force_configure=False, cmake_target=None, cmake_target_skip_unavailable=False, continue_on_error=False, event_handlers=None, executor='parallel', ignore_user_meta=False, install_base='install', log_base=None, log_level=None, main=<bound method BuildVerb.main of <colcon_core.verb.build.BuildVerb object at 0x7fa85784cc10>>, merge_install=False, metas=['./colcon.meta'], packages_above=None, packages_above_and_dependencies=None, packages_above_depth=None, packages_end=None, packages_ignore=None, packages_ignore_regex=None, packages_select=['em_yeu_anh_ko_thuong_tiec_gi'], packages_select_build_failed=False, packages_select_by_dep=None, packages_select_regex=None, packages_select_test_failures=False, packages_skip=None, packages_skip_build_finished=False, packages_skip_by_dep=None, packages_skip_regex=None, packages_skip_test_passed=False, packages_skip_up_to=None, packages_start=None, packages_up_to=None, packages_up_to_regex=None, parallel_workers=2, paths=None, symlink_install=False, test_result_base=None, verb_extension=<colcon_core.verb.build.BuildVerb object at 0x7fa85784cc10>, verb_name='build', verb_parser=<colcon_defaults.argument_parser.defaults.DefaultArgumentsDecorator object at 0x7fa8578571c0>)
[0.406s] Level 1:colcon.colcon_core.package_discovery:discover_packages(colcon_meta) check parameters
[0.406s] Level 1:colcon.colcon_core.package_discovery:discover_packages(recursive) check parameters
[0.406s] Level 1:colcon.colcon_core.package_discovery:discover_packages(ignore) check parameters
[0.406s] Level 1:colcon.colcon_core.package_discovery:discover_packages(path) check parameters
[0.406s] Level 1:colcon.colcon_core.package_discovery:discover_packages(colcon_meta) discover
[0.407s] Level 1:colcon.colcon_core.package_discovery:discover_packages(recursive) discover
[0.407s] INFO:colcon.colcon_core.package_discovery:Crawling recursively for packages in '/home/haliedo/IntroWorkSpaceQuynhAnh/src'
[0.407s] Level 1:colcon.colcon_core.package_identification:_identify(.) by extensions ['ignore', 'ignore_ament_install']
[0.407s] Level 1:colcon.colcon_core.package_identification:_identify(.) by extension 'ignore'
[0.407s] Level 1:colcon.colcon_core.package_identification:_identify(.) by extension 'ignore_ament_install'
[0.407s] Level 1:colcon.colcon_core.package_identification:_identify(.) by extensions ['colcon_pkg']
[0.407s] Level 1:colcon.colcon_core.package_identification:_identify(.) by extension 'colcon_pkg'
[0.407s] Level 1:colcon.colcon_core.package_identification:_identify(.) by extensions ['colcon_meta']
[0.407s] Level 1:colcon.colcon_core.package_identification:_identify(.) by extension 'colcon_meta'
[0.407s] Level 1:colcon.colcon_core.package_identification:_identify(.) by extensions ['ros']
[0.407s] Level 1:colcon.colcon_core.package_identification:_identify(.) by extension 'ros'
[0.443s] Level 1:colcon.colcon_core.package_identification:_identify(.) by extensions ['cmake', 'python']
[0.444s] Level 1:colcon.colcon_core.package_identification:_identify(.) by extension 'cmake'
[0.444s] Level 1:colcon.colcon_core.package_identification:_identify(.) by extension 'python'
[0.444s] Level 1:colcon.colcon_core.package_identification:_identify(.) by extensions ['python_setup_py']
[0.444s] Level 1:colcon.colcon_core.package_identification:_identify(.) by extension 'python_setup_py'
[0.444s] Level 1:colcon.colcon_core.package_identification:_identify(build) by extensions ['ignore', 'ignore_ament_install']
[0.444s] Level 1:colcon.colcon_core.package_identification:_identify(build) by extension 'ignore'
[0.444s] Level 1:colcon.colcon_core.package_identification:_identify(build) ignored
[0.444s] Level 1:colcon.colcon_core.package_identification:_identify(cu_chet_di_ngai_ngung_gi) by extensions ['ignore', 'ignore_ament_install']
[0.445s] Level 1:colcon.colcon_core.package_identification:_identify(cu_chet_di_ngai_ngung_gi) by extension 'ignore'
[0.445s] Level 1:colcon.colcon_core.package_identification:_identify(cu_chet_di_ngai_ngung_gi) by extension 'ignore_ament_install'
[0.445s] Level 1:colcon.colcon_core.package_identification:_identify(cu_chet_di_ngai_ngung_gi) by extensions ['colcon_pkg']
[0.445s] Level 1:colcon.colcon_core.package_identification:_identify(cu_chet_di_ngai_ngung_gi) by extension 'colcon_pkg'
[0.445s] Level 1:colcon.colcon_core.package_identification:_identify(cu_chet_di_ngai_ngung_gi) by extensions ['colcon_meta']
[0.445s] Level 1:colcon.colcon_core.package_identification:_identify(cu_chet_di_ngai_ngung_gi) by extension 'colcon_meta'
[0.445s] Level 1:colcon.colcon_core.package_identification:_identify(cu_chet_di_ngai_ngung_gi) by extensions ['ros']
[0.445s] Level 1:colcon.colcon_core.package_identification:_identify(cu_chet_di_ngai_ngung_gi) by extension 'ros'
[0.449s] DEBUG:colcon.colcon_core.package_identification:Package 'cu_chet_di_ngai_ngung_gi' with type 'ros.ament_cmake' and name 'cu_chet_di_ngai_ngung_gi'
[0.449s] Level 1:colcon.colcon_core.package_identification:_identify(em_yeu_anh_ko_thuong_tiec_gi) by extensions ['ignore', 'ignore_ament_install']
[0.449s] Level 1:colcon.colcon_core.package_identification:_identify(em_yeu_anh_ko_thuong_tiec_gi) by extension 'ignore'
[0.449s] Level 1:colcon.colcon_core.package_identification:_identify(em_yeu_anh_ko_thuong_tiec_gi) by extension 'ignore_ament_install'
[0.449s] Level 1:colcon.colcon_core.package_identification:_identify(em_yeu_anh_ko_thuong_tiec_gi) by extensions ['colcon_pkg']
[0.449s] Level 1:colcon.colcon_core.package_identification:_identify(em_yeu_anh_ko_thuong_tiec_gi) by extension 'colcon_pkg'
[0.450s] Level 1:colcon.colcon_core.package_identification:_identify(em_yeu_anh_ko_thuong_tiec_gi) by extensions ['colcon_meta']
[0.450s] Level 1:colcon.colcon_core.package_identification:_identify(em_yeu_anh_ko_thuong_tiec_gi) by extension 'colcon_meta'
[0.450s] Level 1:colcon.colcon_core.package_identification:_identify(em_yeu_anh_ko_thuong_tiec_gi) by extensions ['ros']
[0.450s] Level 1:colcon.colcon_core.package_identification:_identify(em_yeu_anh_ko_thuong_tiec_gi) by extension 'ros'
[0.451s] DEBUG:colcon.colcon_core.package_identification:Package 'em_yeu_anh_ko_thuong_tiec_gi' with type 'ros.ament_cmake' and name 'em_yeu_anh_ko_thuong_tiec_gi'
[0.451s] Level 1:colcon.colcon_core.package_identification:_identify(install) by extensions ['ignore', 'ignore_ament_install']
[0.451s] Level 1:colcon.colcon_core.package_identification:_identify(install) by extension 'ignore'
[0.451s] Level 1:colcon.colcon_core.package_identification:_identify(install) ignored
[0.452s] Level 1:colcon.colcon_core.package_identification:_identify(log) by extensions ['ignore', 'ignore_ament_install']
[0.452s] Level 1:colcon.colcon_core.package_identification:_identify(log) by extension 'ignore'
[0.452s] Level 1:colcon.colcon_core.package_identification:_identify(log) ignored
[0.452s] Level 1:colcon.colcon_core.package_identification:_identify(ros_tutorials) by extensions ['ignore', 'ignore_ament_install']
[0.452s] Level 1:colcon.colcon_core.package_identification:_identify(ros_tutorials) by extension 'ignore'
[0.452s] Level 1:colcon.colcon_core.package_identification:_identify(ros_tutorials) by extension 'ignore_ament_install'
[0.452s] Level 1:colcon.colcon_core.package_identification:_identify(ros_tutorials) by extensions ['colcon_pkg']
[0.452s] Level 1:colcon.colcon_core.package_identification:_identify(ros_tutorials) by extension 'colcon_pkg'
[0.452s] Level 1:colcon.colcon_core.package_identification:_identify(ros_tutorials) by extensions ['colcon_meta']
[0.452s] Level 1:colcon.colcon_core.package_identification:_identify(ros_tutorials) by extension 'colcon_meta'
[0.452s] Level 1:colcon.colcon_core.package_identification:_identify(ros_tutorials) by extensions ['ros']
[0.452s] Level 1:colcon.colcon_core.package_identification:_identify(ros_tutorials) by extension 'ros'
[0.452s] Level 1:colcon.colcon_core.package_identification:_identify(ros_tutorials) by extensions ['cmake', 'python']
[0.452s] Level 1:colcon.colcon_core.package_identification:_identify(ros_tutorials) by extension 'cmake'
[0.452s] Level 1:colcon.colcon_core.package_identification:_identify(ros_tutorials) by extension 'python'
[0.452s] Level 1:colcon.colcon_core.package_identification:_identify(ros_tutorials) by extensions ['python_setup_py']
[0.453s] Level 1:colcon.colcon_core.package_identification:_identify(ros_tutorials) by extension 'python_setup_py'
[0.453s] Level 1:colcon.colcon_core.package_identification:_identify(ros_tutorials/ros_tutorials) by extensions ['ignore', 'ignore_ament_install']
[0.453s] Level 1:colcon.colcon_core.package_identification:_identify(ros_tutorials/ros_tutorials) by extension 'ignore'
[0.453s] Level 1:colcon.colcon_core.package_identification:_identify(ros_tutorials/ros_tutorials) ignored
[0.453s] Level 1:colcon.colcon_core.package_identification:_identify(ros_tutorials/roscpp_tutorials) by extensions ['ignore', 'ignore_ament_install']
[0.453s] Level 1:colcon.colcon_core.package_identification:_identify(ros_tutorials/roscpp_tutorials) by extension 'ignore'
[0.453s] Level 1:colcon.colcon_core.package_identification:_identify(ros_tutorials/roscpp_tutorials) ignored
[0.453s] Level 1:colcon.colcon_core.package_identification:_identify(ros_tutorials/rospy_tutorials) by extensions ['ignore', 'ignore_ament_install']
[0.453s] Level 1:colcon.colcon_core.package_identification:_identify(ros_tutorials/rospy_tutorials) by extension 'ignore'
[0.453s] Level 1:colcon.colcon_core.package_identification:_identify(ros_tutorials/rospy_tutorials) ignored
[0.454s] Level 1:colcon.colcon_core.package_identification:_identify(ros_tutorials/turtlesim) by extensions ['ignore', 'ignore_ament_install']
[0.454s] Level 1:colcon.colcon_core.package_identification:_identify(ros_tutorials/turtlesim) by extension 'ignore'
[0.454s] Level 1:colcon.colcon_core.package_identification:_identify(ros_tutorials/turtlesim) by extension 'ignore_ament_install'
[0.454s] Level 1:colcon.colcon_core.package_identification:_identify(ros_tutorials/turtlesim) by extensions ['colcon_pkg']
[0.454s] Level 1:colcon.colcon_core.package_identification:_identify(ros_tutorials/turtlesim) by extension 'colcon_pkg'
[0.454s] Level 1:colcon.colcon_core.package_identification:_identify(ros_tutorials/turtlesim) by extensions ['colcon_meta']
[0.454s] Level 1:colcon.colcon_core.package_identification:_identify(ros_tutorials/turtlesim) by extension 'colcon_meta'
[0.454s] Level 1:colcon.colcon_core.package_identification:_identify(ros_tutorials/turtlesim) by extensions ['ros']
[0.454s] Level 1:colcon.colcon_core.package_identification:_identify(ros_tutorials/turtlesim) by extension 'ros'
[0.455s] DEBUG:colcon.colcon_core.package_identification:Package 'ros_tutorials/turtlesim' with type 'ros.ament_cmake' and name 'turtlesim'
[0.456s] Level 1:colcon.colcon_core.package_discovery:discover_packages(recursive) using defaults
[0.456s] Level 1:colcon.colcon_core.package_discovery:discover_packages(ignore) discover
[0.456s] Level 1:colcon.colcon_core.package_discovery:discover_packages(ignore) using defaults
[0.456s] Level 1:colcon.colcon_core.package_discovery:discover_packages(path) discover
[0.456s] Level 1:colcon.colcon_core.package_discovery:discover_packages(path) using defaults
[0.491s] INFO:colcon.colcon_core.package_selection:Skipping not selected package 'cu_chet_di_ngai_ngung_gi' in 'cu_chet_di_ngai_ngung_gi'
[0.491s] INFO:colcon.colcon_core.package_selection:Skipping not selected package 'turtlesim' in 'ros_tutorials/turtlesim'
[0.493s] Level 1:colcon.colcon_core.package_discovery:discover_packages(prefix_path) check parameters
[0.493s] Level 1:colcon.colcon_core.package_discovery:discover_packages(prefix_path) discover
[0.499s] DEBUG:colcon.colcon_installed_package_information.package_discovery:Found 1 installed packages in /home/haliedo/IntroWorkSpaceQuynhAnh/install
[0.504s] DEBUG:colcon.colcon_installed_package_information.package_discovery:Found 263 installed packages in /opt/ros/foxy
[0.509s] Level 1:colcon.colcon_core.package_discovery:discover_packages(prefix_path) using defaults
[0.617s] Level 5:colcon.colcon_core.verb:set package 'em_yeu_anh_ko_thuong_tiec_gi' build argument 'cmake_args' from command line to 'None'
[0.617s] Level 5:colcon.colcon_core.verb:set package 'em_yeu_anh_ko_thuong_tiec_gi' build argument 'cmake_target' from command line to 'None'
[0.617s] Level 5:colcon.colcon_core.verb:set package 'em_yeu_anh_ko_thuong_tiec_gi' build argument 'cmake_target_skip_unavailable' from command line to 'False'
[0.617s] Level 5:colcon.colcon_core.verb:set package 'em_yeu_anh_ko_thuong_tiec_gi' build argument 'cmake_clean_cache' from command line to 'False'
[0.617s] Level 5:colcon.colcon_core.verb:set package 'em_yeu_anh_ko_thuong_tiec_gi' build argument 'cmake_clean_first' from command line to 'False'
[0.617s] Level 5:colcon.colcon_core.verb:set package 'em_yeu_anh_ko_thuong_tiec_gi' build argument 'cmake_force_configure' from command line to 'False'
[0.617s] Level 5:colcon.colcon_core.verb:set package 'em_yeu_anh_ko_thuong_tiec_gi' build argument 'ament_cmake_args' from command line to 'None'
[0.617s] Level 5:colcon.colcon_core.verb:set package 'em_yeu_anh_ko_thuong_tiec_gi' build argument 'catkin_cmake_args' from command line to 'None'
[0.617s] Level 5:colcon.colcon_core.verb:set package 'em_yeu_anh_ko_thuong_tiec_gi' build argument 'catkin_skip_building_tests' from command line to 'False'
[0.617s] DEBUG:colcon.colcon_core.verb:Building package 'em_yeu_anh_ko_thuong_tiec_gi' with the following arguments: {'ament_cmake_args': None, 'build_base': '/home/haliedo/IntroWorkSpaceQuynhAnh/src/build/em_yeu_anh_ko_thuong_tiec_gi', 'catkin_cmake_args': None, 'catkin_skip_building_tests': False, 'cmake_args': None, 'cmake_clean_cache': False, 'cmake_clean_first': False, 'cmake_force_configure': False, 'cmake_target': None, 'cmake_target_skip_unavailable': False, 'install_base': '/home/haliedo/IntroWorkSpaceQuynhAnh/src/install/em_yeu_anh_ko_thuong_tiec_gi', 'merge_install': False, 'path': '/home/haliedo/IntroWorkSpaceQuynhAnh/src/em_yeu_anh_ko_thuong_tiec_gi', 'symlink_install': False, 'test_result_base': None}
[0.618s] INFO:colcon.colcon_core.executor:Executing jobs using 'parallel' executor
[0.621s] DEBUG:colcon.colcon_parallel_executor.executor.parallel:run_until_complete
[0.621s] INFO:colcon.colcon_ros.task.ament_cmake.build:Building ROS package in '/home/haliedo/IntroWorkSpaceQuynhAnh/src/em_yeu_anh_ko_thuong_tiec_gi' with build type 'ament_cmake'
[0.621s] INFO:colcon.colcon_cmake.task.cmake.build:Building CMake package in '/home/haliedo/IntroWorkSpaceQuynhAnh/src/em_yeu_anh_ko_thuong_tiec_gi'
[0.625s] INFO:colcon.colcon_core.plugin_system:Skipping extension 'colcon_core.shell.bat': Not used on non-Windows systems
[0.625s] INFO:colcon.colcon_core.shell:Skip shell extension 'powershell' for command environment: Not usable outside of PowerShell
[0.626s] DEBUG:colcon.colcon_core.shell:Skip shell extension 'dsv' for command environment
[0.643s] DEBUG:colcon.colcon_core.event_handler.log_command:Invoking command in '/home/haliedo/IntroWorkSpaceQuynhAnh/src/build/em_yeu_anh_ko_thuong_tiec_gi': CMAKE_PREFIX_PATH=${CMAKE_PREFIX_PATH}:/opt/ros/foxy /usr/bin/cmake --build /home/haliedo/IntroWorkSpaceQuynhAnh/src/build/em_yeu_anh_ko_thuong_tiec_gi -- -j2 -l2
[0.777s] DEBUG:colcon.colcon_core.event_handler.log_command:Invoked command in '/home/haliedo/IntroWorkSpaceQuynhAnh/src/build/em_yeu_anh_ko_thuong_tiec_gi' returned '0': CMAKE_PREFIX_PATH=${CMAKE_PREFIX_PATH}:/opt/ros/foxy /usr/bin/cmake --build /home/haliedo/IntroWorkSpaceQuynhAnh/src/build/em_yeu_anh_ko_thuong_tiec_gi -- -j2 -l2
[0.853s] DEBUG:colcon.colcon_core.event_handler.log_command:Invoking command in '/home/haliedo/IntroWorkSpaceQuynhAnh/src/build/em_yeu_anh_ko_thuong_tiec_gi': CMAKE_PREFIX_PATH=${CMAKE_PREFIX_PATH}:/opt/ros/foxy /usr/bin/cmake --install /home/haliedo/IntroWorkSpaceQuynhAnh/src/build/em_yeu_anh_ko_thuong_tiec_gi
[0.882s] Level 1:colcon.colcon_core.environment:create_environment_scripts_only(em_yeu_anh_ko_thuong_tiec_gi)
[0.883s] DEBUG:colcon.colcon_core.event_handler.log_command:Invoked command in '/home/haliedo/IntroWorkSpaceQuynhAnh/src/build/em_yeu_anh_ko_thuong_tiec_gi' returned '0': CMAKE_PREFIX_PATH=${CMAKE_PREFIX_PATH}:/opt/ros/foxy /usr/bin/cmake --install /home/haliedo/IntroWorkSpaceQuynhAnh/src/build/em_yeu_anh_ko_thuong_tiec_gi
[0.894s] Level 1:colcon.colcon_core.environment:checking '/home/haliedo/IntroWorkSpaceQuynhAnh/src/install/em_yeu_anh_ko_thuong_tiec_gi' for CMake module files
[0.895s] Level 1:colcon.colcon_core.environment:checking '/home/haliedo/IntroWorkSpaceQuynhAnh/src/install/em_yeu_anh_ko_thuong_tiec_gi' for CMake config files
[0.896s] Level 1:colcon.colcon_core.shell:create_environment_hook('em_yeu_anh_ko_thuong_tiec_gi', 'cmake_prefix_path')
[0.898s] INFO:colcon.colcon_core.shell:Creating environment hook '/home/haliedo/IntroWorkSpaceQuynhAnh/src/install/em_yeu_anh_ko_thuong_tiec_gi/share/em_yeu_anh_ko_thuong_tiec_gi/hook/cmake_prefix_path.ps1'
[0.899s] INFO:colcon.colcon_core.shell:Creating environment descriptor '/home/haliedo/IntroWorkSpaceQuynhAnh/src/install/em_yeu_anh_ko_thuong_tiec_gi/share/em_yeu_anh_ko_thuong_tiec_gi/hook/cmake_prefix_path.dsv'
[0.901s] INFO:colcon.colcon_core.shell:Creating environment hook '/home/haliedo/IntroWorkSpaceQuynhAnh/src/install/em_yeu_anh_ko_thuong_tiec_gi/share/em_yeu_anh_ko_thuong_tiec_gi/hook/cmake_prefix_path.sh'
[0.903s] Level 1:colcon.colcon_core.environment:checking '/home/haliedo/IntroWorkSpaceQuynhAnh/src/install/em_yeu_anh_ko_thuong_tiec_gi/lib'
[0.903s] Level 1:colcon.colcon_core.environment:checking '/home/haliedo/IntroWorkSpaceQuynhAnh/src/install/em_yeu_anh_ko_thuong_tiec_gi/bin'
[0.903s] Level 1:colcon.colcon_core.environment:checking '/home/haliedo/IntroWorkSpaceQuynhAnh/src/install/em_yeu_anh_ko_thuong_tiec_gi/lib/pkgconfig/em_yeu_anh_ko_thuong_tiec_gi.pc'
[0.903s] Level 1:colcon.colcon_core.environment:checking '/home/haliedo/IntroWorkSpaceQuynhAnh/src/install/em_yeu_anh_ko_thuong_tiec_gi/lib/python3.8/site-packages'
[0.903s] Level 1:colcon.colcon_core.environment:checking '/home/haliedo/IntroWorkSpaceQuynhAnh/src/install/em_yeu_anh_ko_thuong_tiec_gi/bin'
[0.905s] INFO:colcon.colcon_core.shell:Creating package script '/home/haliedo/IntroWorkSpaceQuynhAnh/src/install/em_yeu_anh_ko_thuong_tiec_gi/share/em_yeu_anh_ko_thuong_tiec_gi/package.ps1'
[0.906s] INFO:colcon.colcon_core.shell:Creating package descriptor '/home/haliedo/IntroWorkSpaceQuynhAnh/src/install/em_yeu_anh_ko_thuong_tiec_gi/share/em_yeu_anh_ko_thuong_tiec_gi/package.dsv'
[0.907s] INFO:colcon.colcon_core.shell:Creating package script '/home/haliedo/IntroWorkSpaceQuynhAnh/src/install/em_yeu_anh_ko_thuong_tiec_gi/share/em_yeu_anh_ko_thuong_tiec_gi/package.sh'
[0.909s] INFO:colcon.colcon_core.shell:Creating package script '/home/haliedo/IntroWorkSpaceQuynhAnh/src/install/em_yeu_anh_ko_thuong_tiec_gi/share/em_yeu_anh_ko_thuong_tiec_gi/package.bash'
[0.910s] INFO:colcon.colcon_core.shell:Creating package script '/home/haliedo/IntroWorkSpaceQuynhAnh/src/install/em_yeu_anh_ko_thuong_tiec_gi/share/em_yeu_anh_ko_thuong_tiec_gi/package.zsh'
[0.912s] Level 1:colcon.colcon_core.environment:create_file_with_runtime_dependencies(/home/haliedo/IntroWorkSpaceQuynhAnh/src/install/em_yeu_anh_ko_thuong_tiec_gi/share/colcon-core/packages/em_yeu_anh_ko_thuong_tiec_gi)
[0.973s] Level 1:colcon.colcon_core.environment:create_environment_scripts_only(em_yeu_anh_ko_thuong_tiec_gi)
[0.978s] Level 1:colcon.colcon_core.environment:checking '/home/haliedo/IntroWorkSpaceQuynhAnh/src/install/em_yeu_anh_ko_thuong_tiec_gi' for CMake module files
[0.980s] Level 1:colcon.colcon_core.environment:checking '/home/haliedo/IntroWorkSpaceQuynhAnh/src/install/em_yeu_anh_ko_thuong_tiec_gi' for CMake config files
[0.980s] Level 1:colcon.colcon_core.shell:create_environment_hook('em_yeu_anh_ko_thuong_tiec_gi', 'cmake_prefix_path')
[0.985s] INFO:colcon.colcon_core.shell:Creating environment hook '/home/haliedo/IntroWorkSpaceQuynhAnh/src/install/em_yeu_anh_ko_thuong_tiec_gi/share/em_yeu_anh_ko_thuong_tiec_gi/hook/cmake_prefix_path.ps1'
[0.986s] INFO:colcon.colcon_core.shell:Creating environment descriptor '/home/haliedo/IntroWorkSpaceQuynhAnh/src/install/em_yeu_anh_ko_thuong_tiec_gi/share/em_yeu_anh_ko_thuong_tiec_gi/hook/cmake_prefix_path.dsv'
[0.987s] INFO:colcon.colcon_core.shell:Creating environment hook '/home/haliedo/IntroWorkSpaceQuynhAnh/src/install/em_yeu_anh_ko_thuong_tiec_gi/share/em_yeu_anh_ko_thuong_tiec_gi/hook/cmake_prefix_path.sh'
[0.988s] Level 1:colcon.colcon_core.environment:checking '/home/haliedo/IntroWorkSpaceQuynhAnh/src/install/em_yeu_anh_ko_thuong_tiec_gi/lib'
[0.988s] Level 1:colcon.colcon_core.environment:checking '/home/haliedo/IntroWorkSpaceQuynhAnh/src/install/em_yeu_anh_ko_thuong_tiec_gi/bin'
[0.988s] Level 1:colcon.colcon_core.environment:checking '/home/haliedo/IntroWorkSpaceQuynhAnh/src/install/em_yeu_anh_ko_thuong_tiec_gi/lib/pkgconfig/em_yeu_anh_ko_thuong_tiec_gi.pc'
[0.989s] Level 1:colcon.colcon_core.environment:checking '/home/haliedo/IntroWorkSpaceQuynhAnh/src/install/em_yeu_anh_ko_thuong_tiec_gi/lib/python3.8/site-packages'
[0.989s] Level 1:colcon.colcon_core.environment:checking '/home/haliedo/IntroWorkSpaceQuynhAnh/src/install/em_yeu_anh_ko_thuong_tiec_gi/bin'
[0.992s] INFO:colcon.colcon_core.shell:Creating package script '/home/haliedo/IntroWorkSpaceQuynhAnh/src/install/em_yeu_anh_ko_thuong_tiec_gi/share/em_yeu_anh_ko_thuong_tiec_gi/package.ps1'
[0.994s] INFO:colcon.colcon_core.shell:Creating package descriptor '/home/haliedo/IntroWorkSpaceQuynhAnh/src/install/em_yeu_anh_ko_thuong_tiec_gi/share/em_yeu_anh_ko_thuong_tiec_gi/package.dsv'
[0.995s] INFO:colcon.colcon_core.shell:Creating package script '/home/haliedo/IntroWorkSpaceQuynhAnh/src/install/em_yeu_anh_ko_thuong_tiec_gi/share/em_yeu_anh_ko_thuong_tiec_gi/package.sh'
[0.996s] INFO:colcon.colcon_core.shell:Creating package script '/home/haliedo/IntroWorkSpaceQuynhAnh/src/install/em_yeu_anh_ko_thuong_tiec_gi/share/em_yeu_anh_ko_thuong_tiec_gi/package.bash'
[0.997s] INFO:colcon.colcon_core.shell:Creating package script '/home/haliedo/IntroWorkSpaceQuynhAnh/src/install/em_yeu_anh_ko_thuong_tiec_gi/share/em_yeu_anh_ko_thuong_tiec_gi/package.zsh'
[0.998s] Level 1:colcon.colcon_core.environment:create_file_with_runtime_dependencies(/home/haliedo/IntroWorkSpaceQuynhAnh/src/install/em_yeu_anh_ko_thuong_tiec_gi/share/colcon-core/packages/em_yeu_anh_ko_thuong_tiec_gi)
[0.999s] DEBUG:colcon.colcon_parallel_executor.executor.parallel:closing loop
[1.000s] DEBUG:colcon.colcon_parallel_executor.executor.parallel:loop closed
[1.001s] DEBUG:colcon.colcon_parallel_executor.executor.parallel:run_until_complete finished with '0'
[1.002s] DEBUG:colcon.colcon_core.event_reactor:joining thread
[1.011s] INFO:colcon.colcon_core.plugin_system:Skipping extension 'colcon_notification.desktop_notification.terminal_notifier': Not used on non-Darwin systems
[1.012s] INFO:colcon.colcon_core.plugin_system:Skipping extension 'colcon_notification.desktop_notification.win32': Not used on non-Windows systems
[1.012s] INFO:colcon.colcon_notification.desktop_notification:Sending desktop notification using 'notify2'
[1.045s] DEBUG:colcon.colcon_core.event_reactor:joined thread
[1.052s] INFO:colcon.colcon_core.shell:Creating prefix script '/home/haliedo/IntroWorkSpaceQuynhAnh/src/install/local_setup.ps1'
[1.056s] INFO:colcon.colcon_core.shell:Creating prefix util module '/home/haliedo/IntroWorkSpaceQuynhAnh/src/install/_local_setup_util_ps1.py'
[1.059s] INFO:colcon.colcon_core.shell:Creating prefix chain script '/home/haliedo/IntroWorkSpaceQuynhAnh/src/install/setup.ps1'
[1.066s] INFO:colcon.colcon_core.shell:Creating prefix script '/home/haliedo/IntroWorkSpaceQuynhAnh/src/install/local_setup.sh'
[1.068s] INFO:colcon.colcon_core.shell:Creating prefix util module '/home/haliedo/IntroWorkSpaceQuynhAnh/src/install/_local_setup_util_sh.py'
[1.069s] INFO:colcon.colcon_core.shell:Creating prefix chain script '/home/haliedo/IntroWorkSpaceQuynhAnh/src/install/setup.sh'
[1.074s] INFO:colcon.colcon_core.shell:Creating prefix script '/home/haliedo/IntroWorkSpaceQuynhAnh/src/install/local_setup.bash'
[1.076s] INFO:colcon.colcon_core.shell:Creating prefix chain script '/home/haliedo/IntroWorkSpaceQuynhAnh/src/install/setup.bash'
[1.079s] INFO:colcon.colcon_core.shell:Creating prefix script '/home/haliedo/IntroWorkSpaceQuynhAnh/src/install/local_setup.zsh'
[1.081s] INFO:colcon.colcon_core.shell:Creating prefix chain script '/home/haliedo/IntroWorkSpaceQuynhAnh/src/install/setup.zsh'
