[0.020s] Invoking command in '/home/haliedo/IntroWorkSpaceQuynhAnh/src/build/em_yeu_anh_ko_thuong_tiec_gi': CMAKE_PREFIX_PATH=${CMAKE_PREFIX_PATH}:/opt/ros/foxy /usr/bin/cmake --build /home/haliedo/IntroWorkSpaceQuynhAnh/src/build/em_yeu_anh_ko_thuong_tiec_gi -- -j2 -l2
[0.123s] [100%] Built target cho_de
[0.154s] Invoked command in '/home/haliedo/IntroWorkSpaceQuynhAnh/src/build/em_yeu_anh_ko_thuong_tiec_gi' returned '0': CMAKE_PREFIX_PATH=${CMAKE_PREFIX_PATH}:/opt/ros/foxy /usr/bin/cmake --build /home/haliedo/IntroWorkSpaceQuynhAnh/src/build/em_yeu_anh_ko_thuong_tiec_gi -- -j2 -l2
[0.226s] Invoking command in '/home/haliedo/IntroWorkSpaceQuynhAnh/src/build/em_yeu_anh_ko_thuong_tiec_gi': CMAKE_PREFIX_PATH=${CMAKE_PREFIX_PATH}:/opt/ros/foxy /usr/bin/cmake --install /home/haliedo/IntroWorkSpaceQuynhAnh/src/build/em_yeu_anh_ko_thuong_tiec_gi
[0.250s] -- Install configuration: ""
[0.251s] -- Up-to-date: /home/haliedo/IntroWorkSpaceQuynhAnh/src/install/em_yeu_anh_ko_thuong_tiec_gi/lib/em_yeu_anh_ko_thuong_tiec_gi/cho_de
[0.252s] -- Up-to-date: /home/haliedo/IntroWorkSpaceQuynhAnh/src/install/em_yeu_anh_ko_thuong_tiec_gi/share/ament_index/resource_index/package_run_dependencies/em_yeu_anh_ko_thuong_tiec_gi
[0.252s] -- Up-to-date: /home/haliedo/IntroWorkSpaceQuynhAnh/src/install/em_yeu_anh_ko_thuong_tiec_gi/share/ament_index/resource_index/parent_prefix_path/em_yeu_anh_ko_thuong_tiec_gi
[0.253s] -- Up-to-date: /home/haliedo/IntroWorkSpaceQuynhAnh/src/install/em_yeu_anh_ko_thuong_tiec_gi/share/em_yeu_anh_ko_thuong_tiec_gi/environment/ament_prefix_path.sh
[0.253s] -- Up-to-date: /home/haliedo/IntroWorkSpaceQuynhAnh/src/install/em_yeu_anh_ko_thuong_tiec_gi/share/em_yeu_anh_ko_thuong_tiec_gi/environment/ament_prefix_path.dsv
[0.253s] -- Up-to-date: /home/haliedo/IntroWorkSpaceQuynhAnh/src/install/em_yeu_anh_ko_thuong_tiec_gi/share/em_yeu_anh_ko_thuong_tiec_gi/environment/path.sh
[0.254s] -- Up-to-date: /home/haliedo/IntroWorkSpaceQuynhAnh/src/install/em_yeu_anh_ko_thuong_tiec_gi/share/em_yeu_anh_ko_thuong_tiec_gi/environment/path.dsv
[0.254s] -- Up-to-date: /home/haliedo/IntroWorkSpaceQuynhAnh/src/install/em_yeu_anh_ko_thuong_tiec_gi/share/em_yeu_anh_ko_thuong_tiec_gi/local_setup.bash
[0.254s] -- Up-to-date: /home/haliedo/IntroWorkSpaceQuynhAnh/src/install/em_yeu_anh_ko_thuong_tiec_gi/share/em_yeu_anh_ko_thuong_tiec_gi/local_setup.sh
[0.254s] -- Up-to-date: /home/haliedo/IntroWorkSpaceQuynhAnh/src/install/em_yeu_anh_ko_thuong_tiec_gi/share/em_yeu_anh_ko_thuong_tiec_gi/local_setup.zsh
[0.254s] -- Up-to-date: /home/haliedo/IntroWorkSpaceQuynhAnh/src/install/em_yeu_anh_ko_thuong_tiec_gi/share/em_yeu_anh_ko_thuong_tiec_gi/local_setup.dsv
[0.254s] -- Up-to-date: /home/haliedo/IntroWorkSpaceQuynhAnh/src/install/em_yeu_anh_ko_thuong_tiec_gi/share/em_yeu_anh_ko_thuong_tiec_gi/package.dsv
[0.255s] -- Up-to-date: /home/haliedo/IntroWorkSpaceQuynhAnh/src/install/em_yeu_anh_ko_thuong_tiec_gi/share/ament_index/resource_index/packages/em_yeu_anh_ko_thuong_tiec_gi
[0.256s] -- Up-to-date: /home/haliedo/IntroWorkSpaceQuynhAnh/src/install/em_yeu_anh_ko_thuong_tiec_gi/share/em_yeu_anh_ko_thuong_tiec_gi/cmake/em_yeu_anh_ko_thuong_tiec_giConfig.cmake
[0.256s] -- Up-to-date: /home/haliedo/IntroWorkSpaceQuynhAnh/src/install/em_yeu_anh_ko_thuong_tiec_gi/share/em_yeu_anh_ko_thuong_tiec_gi/cmake/em_yeu_anh_ko_thuong_tiec_giConfig-version.cmake
[0.256s] -- Up-to-date: /home/haliedo/IntroWorkSpaceQuynhAnh/src/install/em_yeu_anh_ko_thuong_tiec_gi/share/em_yeu_anh_ko_thuong_tiec_gi/package.xml
[0.260s] Invoked command in '/home/haliedo/IntroWorkSpaceQuynhAnh/src/build/em_yeu_anh_ko_thuong_tiec_gi' returned '0': CMAKE_PREFIX_PATH=${CMAKE_PREFIX_PATH}:/opt/ros/foxy /usr/bin/cmake --install /home/haliedo/IntroWorkSpaceQuynhAnh/src/build/em_yeu_anh_ko_thuong_tiec_gi
