[2.683s] Invoking command in '/home/haliedo/IntroWorkSpaceQuynhAnh/src/py_pubsub': PYTHONPATH=/home/haliedo/IntroWorkSpaceQuynhAnh/src/build/py_pubsub/prefix_override:/home/haliedo/IntroWorkSpaceQuynhAnh/src/install/py_pubsub/lib/python3.8/site-packages:${PYTHONPATH} /usr/bin/python3 setup.py egg_info --egg-base ../build/py_pubsub build --build-base /home/haliedo/IntroWorkSpaceQuynhAnh/src/build/py_pubsub/build install --record /home/haliedo/IntroWorkSpaceQuynhAnh/src/build/py_pubsub/install.log --install-scripts $base/lib/py_pubsub --single-version-externally-managed
[3.524s] running egg_info
[3.526s] creating ../build/py_pubsub/py_pubsub.egg-info
[3.526s] writing ../build/py_pubsub/py_pubsub.egg-info/PKG-INFO
[3.527s] writing dependency_links to ../build/py_pubsub/py_pubsub.egg-info/dependency_links.txt
[3.528s] writing entry points to ../build/py_pubsub/py_pubsub.egg-info/entry_points.txt
[3.528s] writing requirements to ../build/py_pubsub/py_pubsub.egg-info/requires.txt
[3.528s] writing top-level names to ../build/py_pubsub/py_pubsub.egg-info/top_level.txt
[3.546s] writing manifest file '../build/py_pubsub/py_pubsub.egg-info/SOURCES.txt'
[3.712s] reading manifest file '../build/py_pubsub/py_pubsub.egg-info/SOURCES.txt'
[3.716s] writing manifest file '../build/py_pubsub/py_pubsub.egg-info/SOURCES.txt'
[3.717s] running build
[3.717s] running build_py
[3.718s] creating /home/haliedo/IntroWorkSpaceQuynhAnh/src/build/py_pubsub/build
[3.719s] creating /home/haliedo/IntroWorkSpaceQuynhAnh/src/build/py_pubsub/build/lib
[3.720s] creating /home/haliedo/IntroWorkSpaceQuynhAnh/src/build/py_pubsub/build/lib/py_pubsub
[3.720s] copying py_pubsub/__init__.py -> /home/haliedo/IntroWorkSpaceQuynhAnh/src/build/py_pubsub/build/lib/py_pubsub
[3.721s] copying py_pubsub/danmei_is_life.py -> /home/haliedo/IntroWorkSpaceQuynhAnh/src/build/py_pubsub/build/lib/py_pubsub
[3.721s] copying py_pubsub/danmei_is_passion.py -> /home/haliedo/IntroWorkSpaceQuynhAnh/src/build/py_pubsub/build/lib/py_pubsub
[3.722s] running install
[3.726s] running install_lib
[3.730s] creating /home/haliedo/IntroWorkSpaceQuynhAnh/src/install/py_pubsub/lib/python3.8/site-packages/py_pubsub
[3.731s] copying /home/haliedo/IntroWorkSpaceQuynhAnh/src/build/py_pubsub/build/lib/py_pubsub/__init__.py -> /home/haliedo/IntroWorkSpaceQuynhAnh/src/install/py_pubsub/lib/python3.8/site-packages/py_pubsub
[3.731s] copying /home/haliedo/IntroWorkSpaceQuynhAnh/src/build/py_pubsub/build/lib/py_pubsub/danmei_is_life.py -> /home/haliedo/IntroWorkSpaceQuynhAnh/src/install/py_pubsub/lib/python3.8/site-packages/py_pubsub
[3.731s] copying /home/haliedo/IntroWorkSpaceQuynhAnh/src/build/py_pubsub/build/lib/py_pubsub/danmei_is_passion.py -> /home/haliedo/IntroWorkSpaceQuynhAnh/src/install/py_pubsub/lib/python3.8/site-packages/py_pubsub
[3.734s] byte-compiling /home/haliedo/IntroWorkSpaceQuynhAnh/src/install/py_pubsub/lib/python3.8/site-packages/py_pubsub/__init__.py to __init__.cpython-38.pyc
[3.740s] byte-compiling /home/haliedo/IntroWorkSpaceQuynhAnh/src/install/py_pubsub/lib/python3.8/site-packages/py_pubsub/danmei_is_life.py to danmei_is_life.cpython-38.pyc
[3.742s] byte-compiling /home/haliedo/IntroWorkSpaceQuynhAnh/src/install/py_pubsub/lib/python3.8/site-packages/py_pubsub/danmei_is_passion.py to danmei_is_passion.cpython-38.pyc
[3.743s] running install_data
[3.746s] creating /home/haliedo/IntroWorkSpaceQuynhAnh/src/install/py_pubsub/share/ament_index
[3.747s] creating /home/haliedo/IntroWorkSpaceQuynhAnh/src/install/py_pubsub/share/ament_index/resource_index
[3.747s] creating /home/haliedo/IntroWorkSpaceQuynhAnh/src/install/py_pubsub/share/ament_index/resource_index/packages
[3.748s] copying resource/py_pubsub -> /home/haliedo/IntroWorkSpaceQuynhAnh/src/install/py_pubsub/share/ament_index/resource_index/packages
[3.748s] copying package.xml -> /home/haliedo/IntroWorkSpaceQuynhAnh/src/install/py_pubsub/share/py_pubsub
[3.749s] running install_egg_info
[3.756s] Copying ../build/py_pubsub/py_pubsub.egg-info to /home/haliedo/IntroWorkSpaceQuynhAnh/src/install/py_pubsub/lib/python3.8/site-packages/py_pubsub-0.0.0-py3.8.egg-info
[3.760s] running install_scripts
[3.837s] Installing unix_epoch_time_publisher script to /home/haliedo/IntroWorkSpaceQuynhAnh/src/install/py_pubsub/lib/py_pubsub
[3.838s] Installing unix_epoch_time_subscriber script to /home/haliedo/IntroWorkSpaceQuynhAnh/src/install/py_pubsub/lib/py_pubsub
[3.839s] writing list of installed files to '/home/haliedo/IntroWorkSpaceQuynhAnh/src/build/py_pubsub/install.log'
[3.911s] Invoked command in '/home/haliedo/IntroWorkSpaceQuynhAnh/src/py_pubsub' returned '0': PYTHONPATH=/home/haliedo/IntroWorkSpaceQuynhAnh/src/build/py_pubsub/prefix_override:/home/haliedo/IntroWorkSpaceQuynhAnh/src/install/py_pubsub/lib/python3.8/site-packages:${PYTHONPATH} /usr/bin/python3 setup.py egg_info --egg-base ../build/py_pubsub build --build-base /home/haliedo/IntroWorkSpaceQuynhAnh/src/build/py_pubsub/build install --record /home/haliedo/IntroWorkSpaceQuynhAnh/src/build/py_pubsub/install.log --install-scripts $base/lib/py_pubsub --single-version-externally-managed
