[0.034s] Invoking command in '/home/haliedo/IntroWorkSpaceQuynhAnh/build/turtlesim': CMAKE_PREFIX_PATH=/opt/ros/foxy /usr/bin/cmake /home/haliedo/IntroWorkSpaceQuynhAnh/src/ros_tutorials/turtlesim -DCMAKE_INSTALL_PREFIX=/home/haliedo/IntroWorkSpaceQuynhAnh/install/turtlesim
[0.166s] -- The C compiler identification is GNU 9.4.0
[0.244s] -- The CXX compiler identification is GNU 9.4.0
[0.250s] -- Check for working C compiler: /usr/bin/cc
[0.396s] -- Check for working C compiler: /usr/bin/cc -- works
[0.398s] -- Detecting C compiler ABI info
[0.552s] -- Detecting C compiler ABI info - done
[0.583s] -- Detecting C compile features
[0.583s] -- Detecting C compile features - done
[0.587s] -- Check for working CXX compiler: /usr/bin/c++
[0.712s] -- Check for working CXX compiler: /usr/bin/c++ -- works
[0.716s] -- Detecting CXX compiler ABI info
[0.890s] -- Detecting CXX compiler ABI info - done
[0.914s] -- Detecting CXX compile features
[0.914s] -- Detecting CXX compile features - done
[0.916s] -- Found ament_cmake: 0.9.11 (/opt/ros/foxy/share/ament_cmake/cmake)
[0.939s] -- Found PythonInterp: /usr/bin/python3 (found suitable version "3.8.10", minimum required is "3") 
[0.941s] -- Using PYTHON_EXECUTABLE: /usr/bin/python3
[1.292s] -- Found ament_index_cpp: 1.1.0 (/opt/ros/foxy/share/ament_index_cpp/cmake)
[1.297s] -- Found geometry_msgs: 2.0.5 (/opt/ros/foxy/share/geometry_msgs/cmake)
[1.323s] -- Using all available rosidl_typesupport_c: rosidl_typesupport_fastrtps_c;rosidl_typesupport_introspection_c
[1.337s] -- Found rosidl_adapter: 1.3.0 (/opt/ros/foxy/share/rosidl_adapter/cmake)
[1.465s] -- Found OpenSSL: /usr/lib/x86_64-linux-gnu/libcrypto.so (found version "1.1.1f")  
[1.506s] -- Found FastRTPS: /opt/ros/foxy/include  
[1.675s] -- Using all available rosidl_typesupport_cpp: rosidl_typesupport_fastrtps_cpp;rosidl_typesupport_introspection_cpp
[1.939s] -- Found rclcpp: 2.4.2 (/opt/ros/foxy/share/rclcpp/cmake)
[2.013s] -- Found rmw_implementation_cmake: 1.0.3 (/opt/ros/foxy/share/rmw_implementation_cmake/cmake)
[2.019s] -- Using RMW implementation 'rmw_fastrtps_cpp' as default
[2.024s] -- Looking for pthread.h
[2.171s] -- Looking for pthread.h - found
[2.173s] -- Performing Test CMAKE_HAVE_LIBC_PTHREAD
[2.351s] -- Performing Test CMAKE_HAVE_LIBC_PTHREAD - Failed
[2.353s] -- Looking for pthread_create in pthreads
[2.487s] -- Looking for pthread_create in pthreads - not found
[2.490s] -- Looking for pthread_create in pthread
[2.630s] -- Looking for pthread_create in pthread - found
[2.632s] -- Found Threads: TRUE  
[2.937s] -- Found rclcpp_action: 2.4.2 (/opt/ros/foxy/share/rclcpp_action/cmake)
[3.105s] -- Found rosidl_default_generators: 1.0.1 (/opt/ros/foxy/share/rosidl_default_generators/cmake)
[3.128s] -- Found std_srvs: 2.0.5 (/opt/ros/foxy/share/std_srvs/cmake)
[3.204s] -- Found PythonInterp: /usr/bin/python3 (found version "3.8.10") 
[3.572s] -- Found ament_cmake_ros: 0.9.2 (/opt/ros/foxy/share/ament_cmake_ros/cmake)
[3.854s] -- Using all available rosidl_typesupport_c: rosidl_typesupport_fastrtps_c;rosidl_typesupport_introspection_c
[3.927s] -- Using all available rosidl_typesupport_cpp: rosidl_typesupport_fastrtps_cpp;rosidl_typesupport_introspection_cpp
[3.994s] -- Found PythonInterp: /usr/bin/python3 (found suitable version "3.8.10", minimum required is "3.5") 
[3.997s] -- Found python_cmake_module: 0.8.1 (/opt/ros/foxy/share/python_cmake_module/cmake)
[4.074s] -- Found PythonLibs: /usr/lib/x86_64-linux-gnu/libpython3.8.so (found suitable version "3.8.10", minimum required is "3.5") 
[4.074s] -- Using PYTHON_EXECUTABLE: /usr/bin/python3
[4.075s] -- Using PYTHON_INCLUDE_DIRS: /usr/include/python3.8
[4.075s] -- Using PYTHON_LIBRARIES: /usr/lib/x86_64-linux-gnu/libpython3.8.so
[4.123s] -- Found PythonExtra: .so  
[4.252s] -- Configuring done
[4.477s] -- Generating done
[4.491s] -- Build files have been written to: /home/haliedo/IntroWorkSpaceQuynhAnh/build/turtlesim
[4.523s] Invoked command in '/home/haliedo/IntroWorkSpaceQuynhAnh/build/turtlesim' returned '0': CMAKE_PREFIX_PATH=/opt/ros/foxy /usr/bin/cmake /home/haliedo/IntroWorkSpaceQuynhAnh/src/ros_tutorials/turtlesim -DCMAKE_INSTALL_PREFIX=/home/haliedo/IntroWorkSpaceQuynhAnh/install/turtlesim
[4.530s] Invoking command in '/home/haliedo/IntroWorkSpaceQuynhAnh/build/turtlesim': CMAKE_PREFIX_PATH=/opt/ros/foxy /usr/bin/cmake --build /home/haliedo/IntroWorkSpaceQuynhAnh/build/turtlesim -- -j2 -l2
[4.642s] [35m[1mScanning dependencies of target turtlesim__cpp[0m
[4.649s] [  1%] [34m[1mGenerating C code for ROS interfaces[0m
[4.664s] [  2%] [34m[1mGenerating C++ code for ROS interfaces[0m
[7.144s] [  2%] Built target turtlesim__cpp
[7.158s] [  3%] [34m[1mGenerating C++ type support dispatch for ROS interfaces[0m
[7.315s] [35m[1mScanning dependencies of target turtlesim__rosidl_generator_c[0m
[7.344s] [  4%] [32mBuilding C object CMakeFiles/turtlesim__rosidl_generator_c.dir/rosidl_generator_c/turtlesim/action/detail/rotate_absolute__functions.c.o[0m
[7.684s] [  5%] [32mBuilding C object CMakeFiles/turtlesim__rosidl_generator_c.dir/rosidl_generator_c/turtlesim/msg/detail/color__functions.c.o[0m
[7.859s] [  6%] [32mBuilding C object CMakeFiles/turtlesim__rosidl_generator_c.dir/rosidl_generator_c/turtlesim/msg/detail/pose__functions.c.o[0m
[8.011s] [  7%] [32mBuilding C object CMakeFiles/turtlesim__rosidl_generator_c.dir/rosidl_generator_c/turtlesim/srv/detail/kill__functions.c.o[0m
[8.101s] [  8%] [32mBuilding C object CMakeFiles/turtlesim__rosidl_generator_c.dir/rosidl_generator_c/turtlesim/srv/detail/set_pen__functions.c.o[0m
[8.189s] [  9%] [32mBuilding C object CMakeFiles/turtlesim__rosidl_generator_c.dir/rosidl_generator_c/turtlesim/srv/detail/spawn__functions.c.o[0m
[8.286s] [ 10%] [32mBuilding C object CMakeFiles/turtlesim__rosidl_generator_c.dir/rosidl_generator_c/turtlesim/srv/detail/teleport_absolute__functions.c.o[0m
[8.372s] [ 11%] [32mBuilding C object CMakeFiles/turtlesim__rosidl_generator_c.dir/rosidl_generator_c/turtlesim/srv/detail/teleport_relative__functions.c.o[0m
[8.387s] [35m[1mScanning dependencies of target turtlesim__rosidl_typesupport_cpp[0m
[8.421s] [ 12%] [32mBuilding CXX object CMakeFiles/turtlesim__rosidl_typesupport_cpp.dir/rosidl_typesupport_cpp/turtlesim/action/rotate_absolute__type_support.cpp.o[0m
[8.460s] [ 13%] [32m[1mLinking C shared library libturtlesim__rosidl_generator_c.so[0m
[8.538s] [ 13%] Built target turtlesim__rosidl_generator_c
[8.554s] [ 14%] [34m[1mGenerating C++ introspection for ROS interfaces[0m
[8.993s] [ 15%] [32mBuilding CXX object CMakeFiles/turtlesim__rosidl_typesupport_cpp.dir/rosidl_typesupport_cpp/turtlesim/msg/color__type_support.cpp.o[0m
[9.662s] [ 16%] [32mBuilding CXX object CMakeFiles/turtlesim__rosidl_typesupport_cpp.dir/rosidl_typesupport_cpp/turtlesim/msg/pose__type_support.cpp.o[0m
[10.052s] [35m[1mScanning dependencies of target turtlesim__rosidl_typesupport_introspection_cpp[0m
[10.080s] [ 17%] [32mBuilding CXX object CMakeFiles/turtlesim__rosidl_typesupport_introspection_cpp.dir/rosidl_typesupport_introspection_cpp/turtlesim/action/detail/rotate_absolute__type_support.cpp.o[0m
[10.119s] [ 18%] [32mBuilding CXX object CMakeFiles/turtlesim__rosidl_typesupport_cpp.dir/rosidl_typesupport_cpp/turtlesim/srv/kill__type_support.cpp.o[0m
[10.541s] [ 19%] [32mBuilding CXX object CMakeFiles/turtlesim__rosidl_typesupport_cpp.dir/rosidl_typesupport_cpp/turtlesim/srv/set_pen__type_support.cpp.o[0m
[10.571s] [ 20%] [32mBuilding CXX object CMakeFiles/turtlesim__rosidl_typesupport_introspection_cpp.dir/rosidl_typesupport_introspection_cpp/turtlesim/msg/detail/color__type_support.cpp.o[0m
[11.012s] [ 21%] [32mBuilding CXX object CMakeFiles/turtlesim__rosidl_typesupport_cpp.dir/rosidl_typesupport_cpp/turtlesim/srv/spawn__type_support.cpp.o[0m
[11.044s] [ 22%] [32mBuilding CXX object CMakeFiles/turtlesim__rosidl_typesupport_introspection_cpp.dir/rosidl_typesupport_introspection_cpp/turtlesim/msg/detail/pose__type_support.cpp.o[0m
[11.447s] [ 23%] [32mBuilding CXX object CMakeFiles/turtlesim__rosidl_typesupport_cpp.dir/rosidl_typesupport_cpp/turtlesim/srv/teleport_absolute__type_support.cpp.o[0m
[11.473s] [ 24%] [32mBuilding CXX object CMakeFiles/turtlesim__rosidl_typesupport_introspection_cpp.dir/rosidl_typesupport_introspection_cpp/turtlesim/srv/detail/kill__type_support.cpp.o[0m
[11.880s] [ 25%] [32mBuilding CXX object CMakeFiles/turtlesim__rosidl_typesupport_cpp.dir/rosidl_typesupport_cpp/turtlesim/srv/teleport_relative__type_support.cpp.o[0m
[11.886s] [ 26%] [32mBuilding CXX object CMakeFiles/turtlesim__rosidl_typesupport_introspection_cpp.dir/rosidl_typesupport_introspection_cpp/turtlesim/srv/detail/set_pen__type_support.cpp.o[0m
[12.305s] [ 27%] [32m[1mLinking CXX shared library libturtlesim__rosidl_typesupport_cpp.so[0m
[12.308s] [ 28%] [32mBuilding CXX object CMakeFiles/turtlesim__rosidl_typesupport_introspection_cpp.dir/rosidl_typesupport_introspection_cpp/turtlesim/srv/detail/spawn__type_support.cpp.o[0m
[12.380s] [ 28%] Built target turtlesim__rosidl_typesupport_cpp
[12.393s] [ 29%] [32mBuilding CXX object CMakeFiles/turtlesim__rosidl_typesupport_introspection_cpp.dir/rosidl_typesupport_introspection_cpp/turtlesim/srv/detail/teleport_absolute__type_support.cpp.o[0m
[12.805s] [ 30%] [32mBuilding CXX object CMakeFiles/turtlesim__rosidl_typesupport_introspection_cpp.dir/rosidl_typesupport_introspection_cpp/turtlesim/srv/detail/teleport_relative__type_support.cpp.o[0m
[12.922s] [ 31%] [34m[1mGenerating C++ type support for eProsima Fast-RTPS[0m
[13.295s] [ 32%] [32m[1mLinking CXX shared library libturtlesim__rosidl_typesupport_introspection_cpp.so[0m
[13.404s] [ 32%] Built target turtlesim__rosidl_typesupport_introspection_cpp
[13.419s] [ 33%] [34m[1mGenerating C introspection for ROS interfaces[0m
[14.435s] [35m[1mScanning dependencies of target turtlesim__rosidl_typesupport_fastrtps_cpp[0m
[14.476s] [ 34%] [32mBuilding CXX object CMakeFiles/turtlesim__rosidl_typesupport_fastrtps_cpp.dir/rosidl_typesupport_fastrtps_cpp/turtlesim/action/detail/dds_fastrtps/rotate_absolute__type_support.cpp.o[0m
[14.834s] [35m[1mScanning dependencies of target turtlesim__rosidl_typesupport_introspection_c[0m
[14.865s] [ 35%] [32mBuilding C object CMakeFiles/turtlesim__rosidl_typesupport_introspection_c.dir/rosidl_typesupport_introspection_c/turtlesim/action/detail/rotate_absolute__type_support.c.o[0m
[14.966s] [ 36%] [32mBuilding C object CMakeFiles/turtlesim__rosidl_typesupport_introspection_c.dir/rosidl_typesupport_introspection_c/turtlesim/msg/detail/color__type_support.c.o[0m
[15.053s] [ 37%] [32mBuilding C object CMakeFiles/turtlesim__rosidl_typesupport_introspection_c.dir/rosidl_typesupport_introspection_c/turtlesim/msg/detail/pose__type_support.c.o[0m
[15.151s] [ 38%] [32mBuilding C object CMakeFiles/turtlesim__rosidl_typesupport_introspection_c.dir/rosidl_typesupport_introspection_c/turtlesim/srv/detail/kill__type_support.c.o[0m
[15.277s] [ 39%] [32mBuilding C object CMakeFiles/turtlesim__rosidl_typesupport_introspection_c.dir/rosidl_typesupport_introspection_c/turtlesim/srv/detail/set_pen__type_support.c.o[0m
[15.393s] [ 40%] [32mBuilding C object CMakeFiles/turtlesim__rosidl_typesupport_introspection_c.dir/rosidl_typesupport_introspection_c/turtlesim/srv/detail/spawn__type_support.c.o[0m
[15.459s] [ 41%] [32mBuilding C object CMakeFiles/turtlesim__rosidl_typesupport_introspection_c.dir/rosidl_typesupport_introspection_c/turtlesim/srv/detail/teleport_absolute__type_support.c.o[0m
[15.532s] [ 42%] [32mBuilding C object CMakeFiles/turtlesim__rosidl_typesupport_introspection_c.dir/rosidl_typesupport_introspection_c/turtlesim/srv/detail/teleport_relative__type_support.c.o[0m
[15.587s] [ 43%] [32m[1mLinking C shared library libturtlesim__rosidl_typesupport_introspection_c.so[0m
[15.606s] [ 44%] [32mBuilding CXX object CMakeFiles/turtlesim__rosidl_typesupport_fastrtps_cpp.dir/rosidl_typesupport_fastrtps_cpp/turtlesim/msg/detail/dds_fastrtps/color__type_support.cpp.o[0m
[15.634s] [ 44%] Built target turtlesim__rosidl_typesupport_introspection_c
[15.647s] [ 45%] [34m[1mGenerating C type support dispatch for ROS interfaces[0m
[16.192s] [ 46%] [32mBuilding CXX object CMakeFiles/turtlesim__rosidl_typesupport_fastrtps_cpp.dir/rosidl_typesupport_fastrtps_cpp/turtlesim/msg/detail/dds_fastrtps/pose__type_support.cpp.o[0m
[16.494s] [35m[1mScanning dependencies of target turtlesim__rosidl_typesupport_c[0m
[16.544s] [ 47%] [32mBuilding CXX object CMakeFiles/turtlesim__rosidl_typesupport_c.dir/rosidl_typesupport_c/turtlesim/action/rotate_absolute__type_support.cpp.o[0m
[16.616s] [ 48%] [32mBuilding CXX object CMakeFiles/turtlesim__rosidl_typesupport_c.dir/rosidl_typesupport_c/turtlesim/msg/color__type_support.cpp.o[0m
[16.681s] [ 49%] [32mBuilding CXX object CMakeFiles/turtlesim__rosidl_typesupport_c.dir/rosidl_typesupport_c/turtlesim/msg/pose__type_support.cpp.o[0m
[16.760s] [ 50%] [32mBuilding CXX object CMakeFiles/turtlesim__rosidl_typesupport_c.dir/rosidl_typesupport_c/turtlesim/srv/kill__type_support.cpp.o[0m
[16.913s] [ 51%] [32mBuilding CXX object CMakeFiles/turtlesim__rosidl_typesupport_c.dir/rosidl_typesupport_c/turtlesim/srv/set_pen__type_support.cpp.o[0m
[17.024s] [ 52%] [32mBuilding CXX object CMakeFiles/turtlesim__rosidl_typesupport_c.dir/rosidl_typesupport_c/turtlesim/srv/spawn__type_support.cpp.o[0m
[17.085s] [ 53%] [32mBuilding CXX object CMakeFiles/turtlesim__rosidl_typesupport_c.dir/rosidl_typesupport_c/turtlesim/srv/teleport_absolute__type_support.cpp.o[0m
[17.112s] [ 54%] [32mBuilding CXX object CMakeFiles/turtlesim__rosidl_typesupport_fastrtps_cpp.dir/rosidl_typesupport_fastrtps_cpp/turtlesim/srv/detail/dds_fastrtps/kill__type_support.cpp.o[0m
[17.137s] [ 55%] [32mBuilding CXX object CMakeFiles/turtlesim__rosidl_typesupport_c.dir/rosidl_typesupport_c/turtlesim/srv/teleport_relative__type_support.cpp.o[0m
[17.183s] [ 56%] [32m[1mLinking CXX shared library libturtlesim__rosidl_typesupport_c.so[0m
[17.285s] [ 56%] Built target turtlesim__rosidl_typesupport_c
[17.309s] [ 57%] [32mBuilding CXX object CMakeFiles/turtlesim__rosidl_typesupport_fastrtps_cpp.dir/rosidl_typesupport_fastrtps_cpp/turtlesim/srv/detail/dds_fastrtps/set_pen__type_support.cpp.o[0m
[17.923s] [ 58%] [32mBuilding CXX object CMakeFiles/turtlesim__rosidl_typesupport_fastrtps_cpp.dir/rosidl_typesupport_fastrtps_cpp/turtlesim/srv/detail/dds_fastrtps/spawn__type_support.cpp.o[0m
[18.111s] [ 59%] [32mBuilding CXX object CMakeFiles/turtlesim__rosidl_typesupport_fastrtps_cpp.dir/rosidl_typesupport_fastrtps_cpp/turtlesim/srv/detail/dds_fastrtps/teleport_absolute__type_support.cpp.o[0m
[18.828s] [ 60%] [32mBuilding CXX object CMakeFiles/turtlesim__rosidl_typesupport_fastrtps_cpp.dir/rosidl_typesupport_fastrtps_cpp/turtlesim/srv/detail/dds_fastrtps/teleport_relative__type_support.cpp.o[0m
[19.611s] [ 61%] [32m[1mLinking CXX shared library libturtlesim__rosidl_typesupport_fastrtps_cpp.so[0m
[19.806s] [ 61%] Built target turtlesim__rosidl_typesupport_fastrtps_cpp
[19.821s] [ 62%] [34m[1mGenerating C type support for eProsima Fast-RTPS[0m
[21.096s] [35m[1mScanning dependencies of target turtlesim__rosidl_typesupport_fastrtps_c[0m
[21.142s] [ 63%] [32mBuilding CXX object CMakeFiles/turtlesim__rosidl_typesupport_fastrtps_c.dir/rosidl_typesupport_fastrtps_c/turtlesim/action/detail/rotate_absolute__type_support_c.cpp.o[0m
[21.152s] [ 64%] [32mBuilding CXX object CMakeFiles/turtlesim__rosidl_typesupport_fastrtps_c.dir/rosidl_typesupport_fastrtps_c/turtlesim/msg/detail/color__type_support_c.cpp.o[0m
[21.728s] [ 65%] [32mBuilding CXX object CMakeFiles/turtlesim__rosidl_typesupport_fastrtps_c.dir/rosidl_typesupport_fastrtps_c/turtlesim/msg/detail/pose__type_support_c.cpp.o[0m
[21.765s] [ 66%] [32mBuilding CXX object CMakeFiles/turtlesim__rosidl_typesupport_fastrtps_c.dir/rosidl_typesupport_fastrtps_c/turtlesim/srv/detail/kill__type_support_c.cpp.o[0m
[22.354s] [ 67%] [32mBuilding CXX object CMakeFiles/turtlesim__rosidl_typesupport_fastrtps_c.dir/rosidl_typesupport_fastrtps_c/turtlesim/srv/detail/set_pen__type_support_c.cpp.o[0m
[22.403s] [ 68%] [32mBuilding CXX object CMakeFiles/turtlesim__rosidl_typesupport_fastrtps_c.dir/rosidl_typesupport_fastrtps_c/turtlesim/srv/detail/spawn__type_support_c.cpp.o[0m
[22.921s] [ 69%] [32mBuilding CXX object CMakeFiles/turtlesim__rosidl_typesupport_fastrtps_c.dir/rosidl_typesupport_fastrtps_c/turtlesim/srv/detail/teleport_absolute__type_support_c.cpp.o[0m
[22.953s] [ 70%] [32mBuilding CXX object CMakeFiles/turtlesim__rosidl_typesupport_fastrtps_c.dir/rosidl_typesupport_fastrtps_c/turtlesim/srv/detail/teleport_relative__type_support_c.cpp.o[0m
[23.602s] [ 71%] [32m[1mLinking CXX shared library libturtlesim__rosidl_typesupport_fastrtps_c.so[0m
[23.860s] [ 71%] Built target turtlesim__rosidl_typesupport_fastrtps_c
[23.879s] [35m[1mScanning dependencies of target turtlesim[0m
[23.897s] [ 71%] Built target turtlesim
[23.930s] [35m[1mScanning dependencies of target mimic[0m
[23.932s] [35m[1mScanning dependencies of target draw_square[0m
[24.063s] [ 73%] [32mBuilding CXX object CMakeFiles/mimic.dir/tutorials/mimic.cpp.o[0m
[24.064s] [ 73%] [32mBuilding CXX object CMakeFiles/draw_square.dir/tutorials/draw_square.cpp.o[0m
[39.772s] [ 74%] [32m[1mLinking CXX executable mimic[0m
[40.222s] [ 74%] Built target mimic
[40.238s] [35m[1mScanning dependencies of target turtlesim__py[0m
[40.255s] [ 75%] [34m[1mGenerating Python code for ROS interfaces[0m
[41.730s] [ 76%] [32m[1mLinking CXX executable draw_square[0m
[42.178s] [ 76%] Built target draw_square
[42.192s] [35m[1mScanning dependencies of target turtle_teleop_key[0m
[42.277s] [ 77%] [32mBuilding CXX object CMakeFiles/turtle_teleop_key.dir/tutorials/teleop_turtle_key.cpp.o[0m
[43.653s] [ 77%] Built target turtlesim__py
[43.672s] [ 78%] [34m[1mGenerating include/turtlesim/moc_turtle_frame.cpp[0m
[43.787s] [35m[1mScanning dependencies of target turtlesim_node[0m
[43.896s] [ 79%] [32mBuilding CXX object CMakeFiles/turtlesim_node.dir/src/turtlesim.cpp.o[0m
[49.019s] [ 80%] [32mBuilding CXX object CMakeFiles/turtlesim_node.dir/src/turtle.cpp.o[0m
[49.828s] [ 81%] [32m[1mLinking CXX executable turtle_teleop_key[0m
[50.332s] [ 81%] Built target turtle_teleop_key
[50.346s] [ 82%] [32mBuilding CXX object CMakeFiles/turtlesim_node.dir/src/turtle_frame.cpp.o[0m
[68.676s] [ 83%] [32mBuilding CXX object CMakeFiles/turtlesim_node.dir/include/turtlesim/moc_turtle_frame.cpp.o[0m
[73.586s] [ 84%] [32m[1mLinking CXX executable turtlesim_node[0m
[76.215s] [ 84%] Built target turtlesim_node
[76.241s] [35m[1mScanning dependencies of target turtlesim__python[0m
[76.303s] [ 85%] [32mBuilding C object CMakeFiles/turtlesim__python.dir/rosidl_generator_py/turtlesim/action/_rotate_absolute_s.c.o[0m
[76.528s] [ 86%] [32mBuilding C object CMakeFiles/turtlesim__python.dir/rosidl_generator_py/turtlesim/msg/_color_s.c.o[0m
[76.712s] [ 87%] [32mBuilding C object CMakeFiles/turtlesim__python.dir/rosidl_generator_py/turtlesim/msg/_pose_s.c.o[0m
[76.905s] [ 88%] [32mBuilding C object CMakeFiles/turtlesim__python.dir/rosidl_generator_py/turtlesim/srv/_kill_s.c.o[0m
[77.233s] [ 89%] [32mBuilding C object CMakeFiles/turtlesim__python.dir/rosidl_generator_py/turtlesim/srv/_set_pen_s.c.o[0m
[77.497s] [ 90%] [32mBuilding C object CMakeFiles/turtlesim__python.dir/rosidl_generator_py/turtlesim/srv/_spawn_s.c.o[0m
[77.670s] [ 91%] [32mBuilding C object CMakeFiles/turtlesim__python.dir/rosidl_generator_py/turtlesim/srv/_teleport_absolute_s.c.o[0m
[77.848s] [ 92%] [32mBuilding C object CMakeFiles/turtlesim__python.dir/rosidl_generator_py/turtlesim/srv/_teleport_relative_s.c.o[0m
[77.988s] [ 93%] [32m[1mLinking C shared library rosidl_generator_py/turtlesim/libturtlesim__python.so[0m
[78.064s] [ 93%] Built target turtlesim__python
[78.086s] [35m[1mScanning dependencies of target turtlesim__rosidl_typesupport_introspection_c__pyext[0m
[78.130s] [ 94%] [32mBuilding C object CMakeFiles/turtlesim__rosidl_typesupport_introspection_c__pyext.dir/rosidl_generator_py/turtlesim/_turtlesim_s.ep.rosidl_typesupport_introspection_c.c.o[0m
[78.407s] [ 95%] [32m[1mLinking C shared library rosidl_generator_py/turtlesim/turtlesim_s__rosidl_typesupport_introspection_c.cpython-38-x86_64-linux-gnu.so[0m
[78.521s] [ 95%] Built target turtlesim__rosidl_typesupport_introspection_c__pyext
[78.562s] [35m[1mScanning dependencies of target turtlesim__rosidl_typesupport_fastrtps_c__pyext[0m
[78.642s] [ 96%] [32mBuilding C object CMakeFiles/turtlesim__rosidl_typesupport_fastrtps_c__pyext.dir/rosidl_generator_py/turtlesim/_turtlesim_s.ep.rosidl_typesupport_fastrtps_c.c.o[0m
[79.016s] [ 97%] [32m[1mLinking CXX shared library rosidl_generator_py/turtlesim/turtlesim_s__rosidl_typesupport_fastrtps_c.cpython-38-x86_64-linux-gnu.so[0m
[79.175s] [ 97%] Built target turtlesim__rosidl_typesupport_fastrtps_c__pyext
[79.187s] [35m[1mScanning dependencies of target turtlesim__rosidl_typesupport_c__pyext[0m
[79.211s] [ 98%] [32mBuilding C object CMakeFiles/turtlesim__rosidl_typesupport_c__pyext.dir/rosidl_generator_py/turtlesim/_turtlesim_s.ep.rosidl_typesupport_c.c.o[0m
[79.474s] [100%] [32m[1mLinking C shared library rosidl_generator_py/turtlesim/turtlesim_s__rosidl_typesupport_c.cpython-38-x86_64-linux-gnu.so[0m
[79.564s] [100%] Built target turtlesim__rosidl_typesupport_c__pyext
[79.600s] Invoked command in '/home/haliedo/IntroWorkSpaceQuynhAnh/build/turtlesim' returned '0': CMAKE_PREFIX_PATH=/opt/ros/foxy /usr/bin/cmake --build /home/haliedo/IntroWorkSpaceQuynhAnh/build/turtlesim -- -j2 -l2
[79.963s] Invoking command in '/home/haliedo/IntroWorkSpaceQuynhAnh/build/turtlesim': CMAKE_PREFIX_PATH=/opt/ros/foxy /usr/bin/cmake --install /home/haliedo/IntroWorkSpaceQuynhAnh/build/turtlesim
[79.984s] -- Install configuration: ""
[79.984s] -- Installing: /home/haliedo/IntroWorkSpaceQuynhAnh/install/turtlesim/share/ament_index/resource_index/rosidl_interfaces/turtlesim
[79.984s] -- Installing: /home/haliedo/IntroWorkSpaceQuynhAnh/install/turtlesim/include/turtlesim
[79.984s] -- Installing: /home/haliedo/IntroWorkSpaceQuynhAnh/install/turtlesim/include/turtlesim/action
[79.985s] -- Installing: /home/haliedo/IntroWorkSpaceQuynhAnh/install/turtlesim/include/turtlesim/action/rotate_absolute.h
[79.985s] -- Installing: /home/haliedo/IntroWorkSpaceQuynhAnh/install/turtlesim/include/turtlesim/action/detail
[79.985s] -- Installing: /home/haliedo/IntroWorkSpaceQuynhAnh/install/turtlesim/include/turtlesim/action/detail/rotate_absolute__struct.h
[79.985s] -- Installing: /home/haliedo/IntroWorkSpaceQuynhAnh/install/turtlesim/include/turtlesim/action/detail/rotate_absolute__type_support.h
[79.985s] -- Installing: /home/haliedo/IntroWorkSpaceQuynhAnh/install/turtlesim/include/turtlesim/action/detail/rotate_absolute__functions.h
[79.985s] -- Installing: /home/haliedo/IntroWorkSpaceQuynhAnh/install/turtlesim/include/turtlesim/action/detail/rotate_absolute__functions.c
[79.985s] -- Installing: /home/haliedo/IntroWorkSpaceQuynhAnh/install/turtlesim/include/turtlesim/msg
[79.985s] -- Installing: /home/haliedo/IntroWorkSpaceQuynhAnh/install/turtlesim/include/turtlesim/msg/color.h
[79.986s] -- Installing: /home/haliedo/IntroWorkSpaceQuynhAnh/install/turtlesim/include/turtlesim/msg/pose.h
[79.986s] -- Installing: /home/haliedo/IntroWorkSpaceQuynhAnh/install/turtlesim/include/turtlesim/msg/detail
[79.986s] -- Installing: /home/haliedo/IntroWorkSpaceQuynhAnh/install/turtlesim/include/turtlesim/msg/detail/pose__type_support.h
[79.987s] -- Installing: /home/haliedo/IntroWorkSpaceQuynhAnh/install/turtlesim/include/turtlesim/msg/detail/color__struct.h
[79.987s] -- Installing: /home/haliedo/IntroWorkSpaceQuynhAnh/install/turtlesim/include/turtlesim/msg/detail/pose__functions.c
[79.987s] -- Installing: /home/haliedo/IntroWorkSpaceQuynhAnh/install/turtlesim/include/turtlesim/msg/detail/pose__struct.h
[79.987s] -- Installing: /home/haliedo/IntroWorkSpaceQuynhAnh/install/turtlesim/include/turtlesim/msg/detail/pose__functions.h
[79.987s] -- Installing: /home/haliedo/IntroWorkSpaceQuynhAnh/install/turtlesim/include/turtlesim/msg/detail/color__functions.h
[79.987s] -- Installing: /home/haliedo/IntroWorkSpaceQuynhAnh/install/turtlesim/include/turtlesim/msg/detail/color__type_support.h
[79.987s] -- Installing: /home/haliedo/IntroWorkSpaceQuynhAnh/install/turtlesim/include/turtlesim/msg/detail/color__functions.c
[79.987s] -- Installing: /home/haliedo/IntroWorkSpaceQuynhAnh/install/turtlesim/include/turtlesim/msg/rosidl_generator_c__visibility_control.h
[79.987s] -- Installing: /home/haliedo/IntroWorkSpaceQuynhAnh/install/turtlesim/include/turtlesim/srv
[79.987s] -- Installing: /home/haliedo/IntroWorkSpaceQuynhAnh/install/turtlesim/include/turtlesim/srv/teleport_relative.h
[79.988s] -- Installing: /home/haliedo/IntroWorkSpaceQuynhAnh/install/turtlesim/include/turtlesim/srv/set_pen.h
[79.988s] -- Installing: /home/haliedo/IntroWorkSpaceQuynhAnh/install/turtlesim/include/turtlesim/srv/detail
[79.988s] -- Installing: /home/haliedo/IntroWorkSpaceQuynhAnh/install/turtlesim/include/turtlesim/srv/detail/teleport_relative__functions.h
[79.988s] -- Installing: /home/haliedo/IntroWorkSpaceQuynhAnh/install/turtlesim/include/turtlesim/srv/detail/teleport_relative__functions.c
[79.988s] -- Installing: /home/haliedo/IntroWorkSpaceQuynhAnh/install/turtlesim/include/turtlesim/srv/detail/kill__functions.h
[79.988s] -- Installing: /home/haliedo/IntroWorkSpaceQuynhAnh/install/turtlesim/include/turtlesim/srv/detail/kill__type_support.h
[79.988s] -- Installing: /home/haliedo/IntroWorkSpaceQuynhAnh/install/turtlesim/include/turtlesim/srv/detail/teleport_absolute__type_support.h
[79.988s] -- Installing: /home/haliedo/IntroWorkSpaceQuynhAnh/install/turtlesim/include/turtlesim/srv/detail/set_pen__type_support.h
[79.988s] -- Installing: /home/haliedo/IntroWorkSpaceQuynhAnh/install/turtlesim/include/turtlesim/srv/detail/teleport_absolute__struct.h
[79.989s] -- Installing: /home/haliedo/IntroWorkSpaceQuynhAnh/install/turtlesim/include/turtlesim/srv/detail/spawn__struct.h
[79.989s] -- Installing: /home/haliedo/IntroWorkSpaceQuynhAnh/install/turtlesim/include/turtlesim/srv/detail/spawn__functions.c
[79.989s] -- Installing: /home/haliedo/IntroWorkSpaceQuynhAnh/install/turtlesim/include/turtlesim/srv/detail/set_pen__functions.c
[79.989s] -- Installing: /home/haliedo/IntroWorkSpaceQuynhAnh/install/turtlesim/include/turtlesim/srv/detail/set_pen__functions.h
[79.989s] -- Installing: /home/haliedo/IntroWorkSpaceQuynhAnh/install/turtlesim/include/turtlesim/srv/detail/kill__functions.c
[79.989s] -- Installing: /home/haliedo/IntroWorkSpaceQuynhAnh/install/turtlesim/include/turtlesim/srv/detail/teleport_absolute__functions.h
[79.989s] -- Installing: /home/haliedo/IntroWorkSpaceQuynhAnh/install/turtlesim/include/turtlesim/srv/detail/teleport_absolute__functions.c
[79.989s] -- Installing: /home/haliedo/IntroWorkSpaceQuynhAnh/install/turtlesim/include/turtlesim/srv/detail/teleport_relative__type_support.h
[79.989s] -- Installing: /home/haliedo/IntroWorkSpaceQuynhAnh/install/turtlesim/include/turtlesim/srv/detail/set_pen__struct.h
[79.989s] -- Installing: /home/haliedo/IntroWorkSpaceQuynhAnh/install/turtlesim/include/turtlesim/srv/detail/spawn__type_support.h
[79.990s] -- Installing: /home/haliedo/IntroWorkSpaceQuynhAnh/install/turtlesim/include/turtlesim/srv/detail/spawn__functions.h
[79.990s] -- Installing: /home/haliedo/IntroWorkSpaceQuynhAnh/install/turtlesim/include/turtlesim/srv/detail/kill__struct.h
[79.990s] -- Installing: /home/haliedo/IntroWorkSpaceQuynhAnh/install/turtlesim/include/turtlesim/srv/detail/teleport_relative__struct.h
[79.990s] -- Installing: /home/haliedo/IntroWorkSpaceQuynhAnh/install/turtlesim/include/turtlesim/srv/kill.h
[79.990s] -- Installing: /home/haliedo/IntroWorkSpaceQuynhAnh/install/turtlesim/include/turtlesim/srv/teleport_absolute.h
[79.990s] -- Installing: /home/haliedo/IntroWorkSpaceQuynhAnh/install/turtlesim/include/turtlesim/srv/spawn.h
[79.990s] -- Installing: /home/haliedo/IntroWorkSpaceQuynhAnh/install/turtlesim/share/turtlesim/environment/library_path.sh
[79.990s] -- Installing: /home/haliedo/IntroWorkSpaceQuynhAnh/install/turtlesim/share/turtlesim/environment/library_path.dsv
[79.990s] -- Installing: /home/haliedo/IntroWorkSpaceQuynhAnh/install/turtlesim/lib/libturtlesim__rosidl_generator_c.so
[79.991s] -- Set runtime path of "/home/haliedo/IntroWorkSpaceQuynhAnh/install/turtlesim/lib/libturtlesim__rosidl_generator_c.so" to ""
[79.991s] -- Up-to-date: /home/haliedo/IntroWorkSpaceQuynhAnh/install/turtlesim/include/turtlesim
[79.991s] -- Up-to-date: /home/haliedo/IntroWorkSpaceQuynhAnh/install/turtlesim/include/turtlesim/action
[79.991s] -- Up-to-date: /home/haliedo/IntroWorkSpaceQuynhAnh/install/turtlesim/include/turtlesim/action/detail
[79.991s] -- Installing: /home/haliedo/IntroWorkSpaceQuynhAnh/install/turtlesim/include/turtlesim/action/detail/rotate_absolute__rosidl_typesupport_fastrtps_c.h
[79.991s] -- Up-to-date: /home/haliedo/IntroWorkSpaceQuynhAnh/install/turtlesim/include/turtlesim/msg
[79.991s] -- Installing: /home/haliedo/IntroWorkSpaceQuynhAnh/install/turtlesim/include/turtlesim/msg/rosidl_typesupport_fastrtps_c__visibility_control.h
[79.998s] -- Up-to-date: /home/haliedo/IntroWorkSpaceQuynhAnh/install/turtlesim/include/turtlesim/msg/detail
[80.003s] -- Installing: /home/haliedo/IntroWorkSpaceQuynhAnh/install/turtlesim/include/turtlesim/msg/detail/pose__rosidl_typesupport_fastrtps_c.h
[80.009s] -- Installing: /home/haliedo/IntroWorkSpaceQuynhAnh/install/turtlesim/include/turtlesim/msg/detail/color__rosidl_typesupport_fastrtps_c.h
[80.009s] -- Up-to-date: /home/haliedo/IntroWorkSpaceQuynhAnh/install/turtlesim/include/turtlesim/srv
[80.013s] -- Up-to-date: /home/haliedo/IntroWorkSpaceQuynhAnh/install/turtlesim/include/turtlesim/srv/detail
[80.014s] -- Installing: /home/haliedo/IntroWorkSpaceQuynhAnh/install/turtlesim/include/turtlesim/srv/detail/teleport_relative__rosidl_typesupport_fastrtps_c.h
[80.014s] -- Installing: /home/haliedo/IntroWorkSpaceQuynhAnh/install/turtlesim/include/turtlesim/srv/detail/teleport_absolute__rosidl_typesupport_fastrtps_c.h
[80.015s] -- Installing: /home/haliedo/IntroWorkSpaceQuynhAnh/install/turtlesim/include/turtlesim/srv/detail/set_pen__rosidl_typesupport_fastrtps_c.h
[80.022s] -- Installing: /home/haliedo/IntroWorkSpaceQuynhAnh/install/turtlesim/include/turtlesim/srv/detail/spawn__rosidl_typesupport_fastrtps_c.h
[80.022s] -- Installing: /home/haliedo/IntroWorkSpaceQuynhAnh/install/turtlesim/include/turtlesim/srv/detail/kill__rosidl_typesupport_fastrtps_c.h
[80.023s] -- Installing: /home/haliedo/IntroWorkSpaceQuynhAnh/install/turtlesim/lib/libturtlesim__rosidl_typesupport_fastrtps_c.so
[80.023s] -- Set runtime path of "/home/haliedo/IntroWorkSpaceQuynhAnh/install/turtlesim/lib/libturtlesim__rosidl_typesupport_fastrtps_c.so" to ""
[80.024s] -- Up-to-date: /home/haliedo/IntroWorkSpaceQuynhAnh/install/turtlesim/include/turtlesim
[80.024s] -- Up-to-date: /home/haliedo/IntroWorkSpaceQuynhAnh/install/turtlesim/include/turtlesim/action
[80.024s] -- Up-to-date: /home/haliedo/IntroWorkSpaceQuynhAnh/install/turtlesim/include/turtlesim/action/detail
[80.027s] -- Installing: /home/haliedo/IntroWorkSpaceQuynhAnh/install/turtlesim/include/turtlesim/action/detail/dds_fastrtps
[80.027s] -- Installing: /home/haliedo/IntroWorkSpaceQuynhAnh/install/turtlesim/include/turtlesim/action/detail/rotate_absolute__rosidl_typesupport_fastrtps_cpp.hpp
[80.027s] -- Up-to-date: /home/haliedo/IntroWorkSpaceQuynhAnh/install/turtlesim/include/turtlesim/msg
[80.028s] -- Installing: /home/haliedo/IntroWorkSpaceQuynhAnh/install/turtlesim/include/turtlesim/msg/rosidl_typesupport_fastrtps_cpp__visibility_control.h
[80.028s] -- Up-to-date: /home/haliedo/IntroWorkSpaceQuynhAnh/install/turtlesim/include/turtlesim/msg/detail
[80.028s] -- Installing: /home/haliedo/IntroWorkSpaceQuynhAnh/install/turtlesim/include/turtlesim/msg/detail/pose__rosidl_typesupport_fastrtps_cpp.hpp
[80.029s] -- Installing: /home/haliedo/IntroWorkSpaceQuynhAnh/install/turtlesim/include/turtlesim/msg/detail/color__rosidl_typesupport_fastrtps_cpp.hpp
[80.029s] -- Installing: /home/haliedo/IntroWorkSpaceQuynhAnh/install/turtlesim/include/turtlesim/msg/detail/dds_fastrtps
[80.029s] -- Up-to-date: /home/haliedo/IntroWorkSpaceQuynhAnh/install/turtlesim/include/turtlesim/srv
[80.030s] -- Up-to-date: /home/haliedo/IntroWorkSpaceQuynhAnh/install/turtlesim/include/turtlesim/srv/detail
[80.030s] -- Installing: /home/haliedo/IntroWorkSpaceQuynhAnh/install/turtlesim/include/turtlesim/srv/detail/set_pen__rosidl_typesupport_fastrtps_cpp.hpp
[80.030s] -- Installing: /home/haliedo/IntroWorkSpaceQuynhAnh/install/turtlesim/include/turtlesim/srv/detail/kill__rosidl_typesupport_fastrtps_cpp.hpp
[80.030s] -- Installing: /home/haliedo/IntroWorkSpaceQuynhAnh/install/turtlesim/include/turtlesim/srv/detail/teleport_relative__rosidl_typesupport_fastrtps_cpp.hpp
[80.030s] -- Installing: /home/haliedo/IntroWorkSpaceQuynhAnh/install/turtlesim/include/turtlesim/srv/detail/dds_fastrtps
[80.030s] -- Installing: /home/haliedo/IntroWorkSpaceQuynhAnh/install/turtlesim/include/turtlesim/srv/detail/spawn__rosidl_typesupport_fastrtps_cpp.hpp
[80.030s] -- Installing: /home/haliedo/IntroWorkSpaceQuynhAnh/install/turtlesim/include/turtlesim/srv/detail/teleport_absolute__rosidl_typesupport_fastrtps_cpp.hpp
[80.031s] -- Installing: /home/haliedo/IntroWorkSpaceQuynhAnh/install/turtlesim/lib/libturtlesim__rosidl_typesupport_fastrtps_cpp.so
[80.031s] -- Set runtime path of "/home/haliedo/IntroWorkSpaceQuynhAnh/install/turtlesim/lib/libturtlesim__rosidl_typesupport_fastrtps_cpp.so" to ""
[80.031s] -- Up-to-date: /home/haliedo/IntroWorkSpaceQuynhAnh/install/turtlesim/include/turtlesim
[80.032s] -- Up-to-date: /home/haliedo/IntroWorkSpaceQuynhAnh/install/turtlesim/include/turtlesim/action
[80.032s] -- Up-to-date: /home/haliedo/IntroWorkSpaceQuynhAnh/install/turtlesim/include/turtlesim/action/detail
[80.033s] -- Installing: /home/haliedo/IntroWorkSpaceQuynhAnh/install/turtlesim/include/turtlesim/action/detail/rotate_absolute__type_support.c
[80.033s] -- Installing: /home/haliedo/IntroWorkSpaceQuynhAnh/install/turtlesim/include/turtlesim/action/detail/rotate_absolute__rosidl_typesupport_introspection_c.h
[80.036s] -- Up-to-date: /home/haliedo/IntroWorkSpaceQuynhAnh/install/turtlesim/include/turtlesim/msg
[80.036s] -- Installing: /home/haliedo/IntroWorkSpaceQuynhAnh/install/turtlesim/include/turtlesim/msg/rosidl_typesupport_introspection_c__visibility_control.h
[80.037s] -- Up-to-date: /home/haliedo/IntroWorkSpaceQuynhAnh/install/turtlesim/include/turtlesim/msg/detail
[80.038s] -- Installing: /home/haliedo/IntroWorkSpaceQuynhAnh/install/turtlesim/include/turtlesim/msg/detail/color__rosidl_typesupport_introspection_c.h
[80.038s] -- Installing: /home/haliedo/IntroWorkSpaceQuynhAnh/install/turtlesim/include/turtlesim/msg/detail/color__type_support.c
[80.039s] -- Installing: /home/haliedo/IntroWorkSpaceQuynhAnh/install/turtlesim/include/turtlesim/msg/detail/pose__type_support.c
[80.039s] -- Installing: /home/haliedo/IntroWorkSpaceQuynhAnh/install/turtlesim/include/turtlesim/msg/detail/pose__rosidl_typesupport_introspection_c.h
[80.039s] -- Up-to-date: /home/haliedo/IntroWorkSpaceQuynhAnh/install/turtlesim/include/turtlesim/srv
[80.040s] -- Up-to-date: /home/haliedo/IntroWorkSpaceQuynhAnh/install/turtlesim/include/turtlesim/srv/detail
[80.040s] -- Installing: /home/haliedo/IntroWorkSpaceQuynhAnh/install/turtlesim/include/turtlesim/srv/detail/teleport_absolute__rosidl_typesupport_introspection_c.h
[80.043s] -- Installing: /home/haliedo/IntroWorkSpaceQuynhAnh/install/turtlesim/include/turtlesim/srv/detail/set_pen__rosidl_typesupport_introspection_c.h
[80.043s] -- Installing: /home/haliedo/IntroWorkSpaceQuynhAnh/install/turtlesim/include/turtlesim/srv/detail/kill__rosidl_typesupport_introspection_c.h
[80.043s] -- Installing: /home/haliedo/IntroWorkSpaceQuynhAnh/install/turtlesim/include/turtlesim/srv/detail/teleport_absolute__type_support.c
[80.043s] -- Installing: /home/haliedo/IntroWorkSpaceQuynhAnh/install/turtlesim/include/turtlesim/srv/detail/teleport_relative__type_support.c
[80.044s] -- Installing: /home/haliedo/IntroWorkSpaceQuynhAnh/install/turtlesim/include/turtlesim/srv/detail/set_pen__type_support.c
[80.044s] -- Installing: /home/haliedo/IntroWorkSpaceQuynhAnh/install/turtlesim/include/turtlesim/srv/detail/spawn__rosidl_typesupport_introspection_c.h
[80.044s] -- Installing: /home/haliedo/IntroWorkSpaceQuynhAnh/install/turtlesim/include/turtlesim/srv/detail/spawn__type_support.c
[80.044s] -- Installing: /home/haliedo/IntroWorkSpaceQuynhAnh/install/turtlesim/include/turtlesim/srv/detail/kill__type_support.c
[80.044s] -- Installing: /home/haliedo/IntroWorkSpaceQuynhAnh/install/turtlesim/include/turtlesim/srv/detail/teleport_relative__rosidl_typesupport_introspection_c.h
[80.045s] -- Installing: /home/haliedo/IntroWorkSpaceQuynhAnh/install/turtlesim/lib/libturtlesim__rosidl_typesupport_introspection_c.so
[80.045s] -- Set runtime path of "/home/haliedo/IntroWorkSpaceQuynhAnh/install/turtlesim/lib/libturtlesim__rosidl_typesupport_introspection_c.so" to ""
[80.045s] -- Installing: /home/haliedo/IntroWorkSpaceQuynhAnh/install/turtlesim/lib/libturtlesim__rosidl_typesupport_c.so
[80.045s] -- Set runtime path of "/home/haliedo/IntroWorkSpaceQuynhAnh/install/turtlesim/lib/libturtlesim__rosidl_typesupport_c.so" to ""
[80.045s] -- Up-to-date: /home/haliedo/IntroWorkSpaceQuynhAnh/install/turtlesim/include/turtlesim
[80.046s] -- Up-to-date: /home/haliedo/IntroWorkSpaceQuynhAnh/install/turtlesim/include/turtlesim/action
[80.046s] -- Installing: /home/haliedo/IntroWorkSpaceQuynhAnh/install/turtlesim/include/turtlesim/action/rotate_absolute.hpp
[80.046s] -- Up-to-date: /home/haliedo/IntroWorkSpaceQuynhAnh/install/turtlesim/include/turtlesim/action/detail
[80.046s] -- Installing: /home/haliedo/IntroWorkSpaceQuynhAnh/install/turtlesim/include/turtlesim/action/detail/rotate_absolute__builder.hpp
[80.047s] -- Installing: /home/haliedo/IntroWorkSpaceQuynhAnh/install/turtlesim/include/turtlesim/action/detail/rotate_absolute__traits.hpp
[80.047s] -- Installing: /home/haliedo/IntroWorkSpaceQuynhAnh/install/turtlesim/include/turtlesim/action/detail/rotate_absolute__struct.hpp
[80.047s] -- Up-to-date: /home/haliedo/IntroWorkSpaceQuynhAnh/install/turtlesim/include/turtlesim/msg
[80.047s] -- Installing: /home/haliedo/IntroWorkSpaceQuynhAnh/install/turtlesim/include/turtlesim/msg/pose.hpp
[80.047s] -- Installing: /home/haliedo/IntroWorkSpaceQuynhAnh/install/turtlesim/include/turtlesim/msg/color.hpp
[80.047s] -- Up-to-date: /home/haliedo/IntroWorkSpaceQuynhAnh/install/turtlesim/include/turtlesim/msg/detail
[80.047s] -- Installing: /home/haliedo/IntroWorkSpaceQuynhAnh/install/turtlesim/include/turtlesim/msg/detail/pose__traits.hpp
[80.047s] -- Installing: /home/haliedo/IntroWorkSpaceQuynhAnh/install/turtlesim/include/turtlesim/msg/detail/color__struct.hpp
[80.047s] -- Installing: /home/haliedo/IntroWorkSpaceQuynhAnh/install/turtlesim/include/turtlesim/msg/detail/color__traits.hpp
[80.047s] -- Installing: /home/haliedo/IntroWorkSpaceQuynhAnh/install/turtlesim/include/turtlesim/msg/detail/pose__builder.hpp
[80.048s] -- Installing: /home/haliedo/IntroWorkSpaceQuynhAnh/install/turtlesim/include/turtlesim/msg/detail/pose__struct.hpp
[80.048s] -- Installing: /home/haliedo/IntroWorkSpaceQuynhAnh/install/turtlesim/include/turtlesim/msg/detail/color__builder.hpp
[80.048s] -- Up-to-date: /home/haliedo/IntroWorkSpaceQuynhAnh/install/turtlesim/include/turtlesim/srv
[80.048s] -- Installing: /home/haliedo/IntroWorkSpaceQuynhAnh/install/turtlesim/include/turtlesim/srv/kill.hpp
[80.048s] -- Installing: /home/haliedo/IntroWorkSpaceQuynhAnh/install/turtlesim/include/turtlesim/srv/set_pen.hpp
[80.048s] -- Installing: /home/haliedo/IntroWorkSpaceQuynhAnh/install/turtlesim/include/turtlesim/srv/teleport_absolute.hpp
[80.048s] -- Installing: /home/haliedo/IntroWorkSpaceQuynhAnh/install/turtlesim/include/turtlesim/srv/spawn.hpp
[80.048s] -- Up-to-date: /home/haliedo/IntroWorkSpaceQuynhAnh/install/turtlesim/include/turtlesim/srv/detail
[80.049s] -- Installing: /home/haliedo/IntroWorkSpaceQuynhAnh/install/turtlesim/include/turtlesim/srv/detail/kill__builder.hpp
[80.049s] -- Installing: /home/haliedo/IntroWorkSpaceQuynhAnh/install/turtlesim/include/turtlesim/srv/detail/teleport_absolute__builder.hpp
[80.049s] -- Installing: /home/haliedo/IntroWorkSpaceQuynhAnh/install/turtlesim/include/turtlesim/srv/detail/kill__traits.hpp
[80.049s] -- Installing: /home/haliedo/IntroWorkSpaceQuynhAnh/install/turtlesim/include/turtlesim/srv/detail/set_pen__struct.hpp
[80.049s] -- Installing: /home/haliedo/IntroWorkSpaceQuynhAnh/install/turtlesim/include/turtlesim/srv/detail/teleport_absolute__traits.hpp
[80.049s] -- Installing: /home/haliedo/IntroWorkSpaceQuynhAnh/install/turtlesim/include/turtlesim/srv/detail/teleport_absolute__struct.hpp
[80.049s] -- Installing: /home/haliedo/IntroWorkSpaceQuynhAnh/install/turtlesim/include/turtlesim/srv/detail/set_pen__builder.hpp
[80.050s] -- Installing: /home/haliedo/IntroWorkSpaceQuynhAnh/install/turtlesim/include/turtlesim/srv/detail/set_pen__traits.hpp
[80.050s] -- Installing: /home/haliedo/IntroWorkSpaceQuynhAnh/install/turtlesim/include/turtlesim/srv/detail/teleport_relative__builder.hpp
[80.050s] -- Installing: /home/haliedo/IntroWorkSpaceQuynhAnh/install/turtlesim/include/turtlesim/srv/detail/spawn__struct.hpp
[80.050s] -- Installing: /home/haliedo/IntroWorkSpaceQuynhAnh/install/turtlesim/include/turtlesim/srv/detail/teleport_relative__struct.hpp
[80.050s] -- Installing: /home/haliedo/IntroWorkSpaceQuynhAnh/install/turtlesim/include/turtlesim/srv/detail/teleport_relative__traits.hpp
[80.050s] -- Installing: /home/haliedo/IntroWorkSpaceQuynhAnh/install/turtlesim/include/turtlesim/srv/detail/kill__struct.hpp
[80.050s] -- Installing: /home/haliedo/IntroWorkSpaceQuynhAnh/install/turtlesim/include/turtlesim/srv/detail/spawn__traits.hpp
[80.050s] -- Installing: /home/haliedo/IntroWorkSpaceQuynhAnh/install/turtlesim/include/turtlesim/srv/detail/spawn__builder.hpp
[80.050s] -- Installing: /home/haliedo/IntroWorkSpaceQuynhAnh/install/turtlesim/include/turtlesim/srv/teleport_relative.hpp
[80.051s] -- Up-to-date: /home/haliedo/IntroWorkSpaceQuynhAnh/install/turtlesim/include/turtlesim
[80.051s] -- Up-to-date: /home/haliedo/IntroWorkSpaceQuynhAnh/install/turtlesim/include/turtlesim/action
[80.051s] -- Up-to-date: /home/haliedo/IntroWorkSpaceQuynhAnh/install/turtlesim/include/turtlesim/action/detail
[80.051s] -- Installing: /home/haliedo/IntroWorkSpaceQuynhAnh/install/turtlesim/include/turtlesim/action/detail/rotate_absolute__type_support.cpp
[80.051s] -- Installing: /home/haliedo/IntroWorkSpaceQuynhAnh/install/turtlesim/include/turtlesim/action/detail/rotate_absolute__rosidl_typesupport_introspection_cpp.hpp
[80.051s] -- Up-to-date: /home/haliedo/IntroWorkSpaceQuynhAnh/install/turtlesim/include/turtlesim/msg
[80.054s] -- Up-to-date: /home/haliedo/IntroWorkSpaceQuynhAnh/install/turtlesim/include/turtlesim/msg/detail
[80.054s] -- Installing: /home/haliedo/IntroWorkSpaceQuynhAnh/install/turtlesim/include/turtlesim/msg/detail/pose__type_support.cpp
[80.054s] -- Installing: /home/haliedo/IntroWorkSpaceQuynhAnh/install/turtlesim/include/turtlesim/msg/detail/color__type_support.cpp
[80.054s] -- Installing: /home/haliedo/IntroWorkSpaceQuynhAnh/install/turtlesim/include/turtlesim/msg/detail/color__rosidl_typesupport_introspection_cpp.hpp
[80.054s] -- Installing: /home/haliedo/IntroWorkSpaceQuynhAnh/install/turtlesim/include/turtlesim/msg/detail/pose__rosidl_typesupport_introspection_cpp.hpp
[80.054s] -- Up-to-date: /home/haliedo/IntroWorkSpaceQuynhAnh/install/turtlesim/include/turtlesim/srv
[80.054s] -- Up-to-date: /home/haliedo/IntroWorkSpaceQuynhAnh/install/turtlesim/include/turtlesim/srv/detail
[80.054s] -- Installing: /home/haliedo/IntroWorkSpaceQuynhAnh/install/turtlesim/include/turtlesim/srv/detail/teleport_absolute__type_support.cpp
[80.054s] -- Installing: /home/haliedo/IntroWorkSpaceQuynhAnh/install/turtlesim/include/turtlesim/srv/detail/set_pen__rosidl_typesupport_introspection_cpp.hpp
[80.054s] -- Installing: /home/haliedo/IntroWorkSpaceQuynhAnh/install/turtlesim/include/turtlesim/srv/detail/kill__rosidl_typesupport_introspection_cpp.hpp
[80.054s] -- Installing: /home/haliedo/IntroWorkSpaceQuynhAnh/install/turtlesim/include/turtlesim/srv/detail/spawn__type_support.cpp
[80.055s] -- Installing: /home/haliedo/IntroWorkSpaceQuynhAnh/install/turtlesim/include/turtlesim/srv/detail/teleport_relative__type_support.cpp
[80.055s] -- Installing: /home/haliedo/IntroWorkSpaceQuynhAnh/install/turtlesim/include/turtlesim/srv/detail/teleport_absolute__rosidl_typesupport_introspection_cpp.hpp
[80.055s] -- Installing: /home/haliedo/IntroWorkSpaceQuynhAnh/install/turtlesim/include/turtlesim/srv/detail/kill__type_support.cpp
[80.055s] -- Installing: /home/haliedo/IntroWorkSpaceQuynhAnh/install/turtlesim/include/turtlesim/srv/detail/spawn__rosidl_typesupport_introspection_cpp.hpp
[80.055s] -- Installing: /home/haliedo/IntroWorkSpaceQuynhAnh/install/turtlesim/include/turtlesim/srv/detail/teleport_relative__rosidl_typesupport_introspection_cpp.hpp
[80.055s] -- Installing: /home/haliedo/IntroWorkSpaceQuynhAnh/install/turtlesim/include/turtlesim/srv/detail/set_pen__type_support.cpp
[80.055s] -- Installing: /home/haliedo/IntroWorkSpaceQuynhAnh/install/turtlesim/lib/libturtlesim__rosidl_typesupport_introspection_cpp.so
[80.055s] -- Set runtime path of "/home/haliedo/IntroWorkSpaceQuynhAnh/install/turtlesim/lib/libturtlesim__rosidl_typesupport_introspection_cpp.so" to ""
[80.056s] -- Installing: /home/haliedo/IntroWorkSpaceQuynhAnh/install/turtlesim/lib/libturtlesim__rosidl_typesupport_cpp.so
[80.056s] -- Set runtime path of "/home/haliedo/IntroWorkSpaceQuynhAnh/install/turtlesim/lib/libturtlesim__rosidl_typesupport_cpp.so" to ""
[80.056s] -- Installing: /home/haliedo/IntroWorkSpaceQuynhAnh/install/turtlesim/share/turtlesim/environment/pythonpath.sh
[80.056s] -- Installing: /home/haliedo/IntroWorkSpaceQuynhAnh/install/turtlesim/share/turtlesim/environment/pythonpath.dsv
[80.056s] -- Installing: /home/haliedo/IntroWorkSpaceQuynhAnh/install/turtlesim/lib/python3.8/site-packages/turtlesim/__init__.py
[80.095s] Compiling '/home/haliedo/IntroWorkSpaceQuynhAnh/install/turtlesim/lib/python3.8/site-packages/turtlesim/__init__.py'...
[80.103s] -- Installing: /home/haliedo/IntroWorkSpaceQuynhAnh/install/turtlesim/lib/python3.8/site-packages/turtlesim/action
[80.107s] -- Installing: /home/haliedo/IntroWorkSpaceQuynhAnh/install/turtlesim/lib/python3.8/site-packages/turtlesim/action/__init__.py
[80.107s] -- Installing: /home/haliedo/IntroWorkSpaceQuynhAnh/install/turtlesim/lib/python3.8/site-packages/turtlesim/action/_rotate_absolute.py
[80.107s] -- Installing: /home/haliedo/IntroWorkSpaceQuynhAnh/install/turtlesim/lib/python3.8/site-packages/turtlesim/action/_rotate_absolute_s.c
[80.108s] -- Installing: /home/haliedo/IntroWorkSpaceQuynhAnh/install/turtlesim/lib/python3.8/site-packages/turtlesim/msg
[80.108s] -- Installing: /home/haliedo/IntroWorkSpaceQuynhAnh/install/turtlesim/lib/python3.8/site-packages/turtlesim/msg/__init__.py
[80.111s] -- Installing: /home/haliedo/IntroWorkSpaceQuynhAnh/install/turtlesim/lib/python3.8/site-packages/turtlesim/msg/_pose_s.c
[80.111s] -- Installing: /home/haliedo/IntroWorkSpaceQuynhAnh/install/turtlesim/lib/python3.8/site-packages/turtlesim/msg/_color.py
[80.112s] -- Installing: /home/haliedo/IntroWorkSpaceQuynhAnh/install/turtlesim/lib/python3.8/site-packages/turtlesim/msg/_pose.py
[80.112s] -- Installing: /home/haliedo/IntroWorkSpaceQuynhAnh/install/turtlesim/lib/python3.8/site-packages/turtlesim/msg/_color_s.c
[80.112s] -- Installing: /home/haliedo/IntroWorkSpaceQuynhAnh/install/turtlesim/lib/python3.8/site-packages/turtlesim/srv
[80.113s] -- Installing: /home/haliedo/IntroWorkSpaceQuynhAnh/install/turtlesim/lib/python3.8/site-packages/turtlesim/srv/__init__.py
[80.113s] -- Installing: /home/haliedo/IntroWorkSpaceQuynhAnh/install/turtlesim/lib/python3.8/site-packages/turtlesim/srv/_set_pen_s.c
[80.113s] -- Installing: /home/haliedo/IntroWorkSpaceQuynhAnh/install/turtlesim/lib/python3.8/site-packages/turtlesim/srv/_teleport_absolute.py
[80.114s] -- Installing: /home/haliedo/IntroWorkSpaceQuynhAnh/install/turtlesim/lib/python3.8/site-packages/turtlesim/srv/_kill.py
[80.114s] -- Installing: /home/haliedo/IntroWorkSpaceQuynhAnh/install/turtlesim/lib/python3.8/site-packages/turtlesim/srv/_kill_s.c
[80.114s] -- Installing: /home/haliedo/IntroWorkSpaceQuynhAnh/install/turtlesim/lib/python3.8/site-packages/turtlesim/srv/_spawn.py
[80.115s] -- Installing: /home/haliedo/IntroWorkSpaceQuynhAnh/install/turtlesim/lib/python3.8/site-packages/turtlesim/srv/_spawn_s.c
[80.115s] -- Installing: /home/haliedo/IntroWorkSpaceQuynhAnh/install/turtlesim/lib/python3.8/site-packages/turtlesim/srv/_set_pen.py
[80.115s] -- Installing: /home/haliedo/IntroWorkSpaceQuynhAnh/install/turtlesim/lib/python3.8/site-packages/turtlesim/srv/_teleport_relative.py
[80.115s] -- Installing: /home/haliedo/IntroWorkSpaceQuynhAnh/install/turtlesim/lib/python3.8/site-packages/turtlesim/srv/_teleport_relative_s.c
[80.116s] -- Installing: /home/haliedo/IntroWorkSpaceQuynhAnh/install/turtlesim/lib/python3.8/site-packages/turtlesim/srv/_teleport_absolute_s.c
[80.117s] -- Installing: /home/haliedo/IntroWorkSpaceQuynhAnh/install/turtlesim/lib/python3.8/site-packages/turtlesim/turtlesim_s__rosidl_typesupport_fastrtps_c.cpython-38-x86_64-linux-gnu.so
[80.117s] -- Set runtime path of "/home/haliedo/IntroWorkSpaceQuynhAnh/install/turtlesim/lib/python3.8/site-packages/turtlesim/turtlesim_s__rosidl_typesupport_fastrtps_c.cpython-38-x86_64-linux-gnu.so" to ""
[80.118s] -- Installing: /home/haliedo/IntroWorkSpaceQuynhAnh/install/turtlesim/lib/python3.8/site-packages/turtlesim/turtlesim_s__rosidl_typesupport_introspection_c.cpython-38-x86_64-linux-gnu.so
[80.118s] -- Set runtime path of "/home/haliedo/IntroWorkSpaceQuynhAnh/install/turtlesim/lib/python3.8/site-packages/turtlesim/turtlesim_s__rosidl_typesupport_introspection_c.cpython-38-x86_64-linux-gnu.so" to ""
[80.118s] -- Installing: /home/haliedo/IntroWorkSpaceQuynhAnh/install/turtlesim/lib/python3.8/site-packages/turtlesim/turtlesim_s__rosidl_typesupport_c.cpython-38-x86_64-linux-gnu.so
[80.119s] -- Set runtime path of "/home/haliedo/IntroWorkSpaceQuynhAnh/install/turtlesim/lib/python3.8/site-packages/turtlesim/turtlesim_s__rosidl_typesupport_c.cpython-38-x86_64-linux-gnu.so" to ""
[80.119s] -- Installing: /home/haliedo/IntroWorkSpaceQuynhAnh/install/turtlesim/lib/libturtlesim__python.so
[80.119s] -- Set runtime path of "/home/haliedo/IntroWorkSpaceQuynhAnh/install/turtlesim/lib/libturtlesim__python.so" to ""
[80.119s] -- Installing: /home/haliedo/IntroWorkSpaceQuynhAnh/install/turtlesim/share/turtlesim/action/RotateAbsolute.idl
[80.120s] -- Installing: /home/haliedo/IntroWorkSpaceQuynhAnh/install/turtlesim/share/turtlesim/msg/Color.idl
[80.120s] -- Installing: /home/haliedo/IntroWorkSpaceQuynhAnh/install/turtlesim/share/turtlesim/msg/Pose.idl
[80.120s] -- Installing: /home/haliedo/IntroWorkSpaceQuynhAnh/install/turtlesim/share/turtlesim/srv/Kill.idl
[80.121s] -- Installing: /home/haliedo/IntroWorkSpaceQuynhAnh/install/turtlesim/share/turtlesim/srv/SetPen.idl
[80.121s] -- Installing: /home/haliedo/IntroWorkSpaceQuynhAnh/install/turtlesim/share/turtlesim/srv/Spawn.idl
[80.121s] -- Installing: /home/haliedo/IntroWorkSpaceQuynhAnh/install/turtlesim/share/turtlesim/srv/TeleportAbsolute.idl
[80.121s] -- Installing: /home/haliedo/IntroWorkSpaceQuynhAnh/install/turtlesim/share/turtlesim/srv/TeleportRelative.idl
[80.121s] -- Installing: /home/haliedo/IntroWorkSpaceQuynhAnh/install/turtlesim/share/turtlesim/action/RotateAbsolute.action
[80.122s] -- Installing: /home/haliedo/IntroWorkSpaceQuynhAnh/install/turtlesim/share/turtlesim/msg/Color.msg
[80.122s] -- Installing: /home/haliedo/IntroWorkSpaceQuynhAnh/install/turtlesim/share/turtlesim/msg/Pose.msg
[80.122s] -- Installing: /home/haliedo/IntroWorkSpaceQuynhAnh/install/turtlesim/share/turtlesim/srv/Kill.srv
[80.122s] -- Installing: /home/haliedo/IntroWorkSpaceQuynhAnh/install/turtlesim/share/turtlesim/srv/Kill_Request.msg
[80.123s] -- Installing: /home/haliedo/IntroWorkSpaceQuynhAnh/install/turtlesim/share/turtlesim/srv/Kill_Response.msg
[80.123s] -- Installing: /home/haliedo/IntroWorkSpaceQuynhAnh/install/turtlesim/share/turtlesim/srv/SetPen.srv
[80.123s] -- Installing: /home/haliedo/IntroWorkSpaceQuynhAnh/install/turtlesim/share/turtlesim/srv/SetPen_Request.msg
[80.123s] -- Installing: /home/haliedo/IntroWorkSpaceQuynhAnh/install/turtlesim/share/turtlesim/srv/SetPen_Response.msg
[80.123s] -- Installing: /home/haliedo/IntroWorkSpaceQuynhAnh/install/turtlesim/share/turtlesim/srv/Spawn.srv
[80.124s] -- Installing: /home/haliedo/IntroWorkSpaceQuynhAnh/install/turtlesim/share/turtlesim/srv/Spawn_Request.msg
[80.124s] -- Installing: /home/haliedo/IntroWorkSpaceQuynhAnh/install/turtlesim/share/turtlesim/srv/Spawn_Response.msg
[80.125s] -- Installing: /home/haliedo/IntroWorkSpaceQuynhAnh/install/turtlesim/share/turtlesim/srv/TeleportAbsolute.srv
[80.125s] -- Installing: /home/haliedo/IntroWorkSpaceQuynhAnh/install/turtlesim/share/turtlesim/srv/TeleportAbsolute_Request.msg
[80.125s] -- Installing: /home/haliedo/IntroWorkSpaceQuynhAnh/install/turtlesim/share/turtlesim/srv/TeleportAbsolute_Response.msg
[80.125s] -- Installing: /home/haliedo/IntroWorkSpaceQuynhAnh/install/turtlesim/share/turtlesim/srv/TeleportRelative.srv
[80.126s] -- Installing: /home/haliedo/IntroWorkSpaceQuynhAnh/install/turtlesim/share/turtlesim/srv/TeleportRelative_Request.msg
[80.126s] -- Installing: /home/haliedo/IntroWorkSpaceQuynhAnh/install/turtlesim/share/turtlesim/srv/TeleportRelative_Response.msg
[80.126s] -- Installing: /home/haliedo/IntroWorkSpaceQuynhAnh/install/turtlesim/lib/turtlesim/turtlesim_node
[80.133s] -- Set runtime path of "/home/haliedo/IntroWorkSpaceQuynhAnh/install/turtlesim/lib/turtlesim/turtlesim_node" to ""
[80.133s] -- Installing: /home/haliedo/IntroWorkSpaceQuynhAnh/install/turtlesim/lib/turtlesim/turtle_teleop_key
[80.135s] -- Set runtime path of "/home/haliedo/IntroWorkSpaceQuynhAnh/install/turtlesim/lib/turtlesim/turtle_teleop_key" to ""
[80.136s] -- Installing: /home/haliedo/IntroWorkSpaceQuynhAnh/install/turtlesim/lib/turtlesim/draw_square
[80.139s] -- Set runtime path of "/home/haliedo/IntroWorkSpaceQuynhAnh/install/turtlesim/lib/turtlesim/draw_square" to ""
[80.139s] -- Installing: /home/haliedo/IntroWorkSpaceQuynhAnh/install/turtlesim/lib/turtlesim/mimic
[80.148s] -- Set runtime path of "/home/haliedo/IntroWorkSpaceQuynhAnh/install/turtlesim/lib/turtlesim/mimic" to ""
[80.148s] -- Installing: /home/haliedo/IntroWorkSpaceQuynhAnh/install/turtlesim/share/turtlesim/images
[80.148s] -- Installing: /home/haliedo/IntroWorkSpaceQuynhAnh/install/turtlesim/share/turtlesim/images/eloquent.png
[80.148s] -- Installing: /home/haliedo/IntroWorkSpaceQuynhAnh/install/turtlesim/share/turtlesim/images/dashing.png
[80.151s] -- Installing: /home/haliedo/IntroWorkSpaceQuynhAnh/install/turtlesim/share/turtlesim/images/bouncy.png
[80.151s] -- Installing: /home/haliedo/IntroWorkSpaceQuynhAnh/install/turtlesim/share/turtlesim/images/foxy.png
[80.152s] -- Installing: /home/haliedo/IntroWorkSpaceQuynhAnh/install/turtlesim/share/turtlesim/images/ardent.png
[80.152s] -- Installing: /home/haliedo/IntroWorkSpaceQuynhAnh/install/turtlesim/share/turtlesim/images/crystal.png
[80.154s] -- Installing: /home/haliedo/IntroWorkSpaceQuynhAnh/install/turtlesim/share/turtlesim/launch
[80.154s] -- Installing: /home/haliedo/IntroWorkSpaceQuynhAnh/install/turtlesim/share/turtlesim/launch/multisim.launch.py
[80.155s] -- Installing: /home/haliedo/IntroWorkSpaceQuynhAnh/install/turtlesim/share/ament_index/resource_index/package_run_dependencies/turtlesim
[80.155s] -- Installing: /home/haliedo/IntroWorkSpaceQuynhAnh/install/turtlesim/share/ament_index/resource_index/parent_prefix_path/turtlesim
[80.155s] -- Installing: /home/haliedo/IntroWorkSpaceQuynhAnh/install/turtlesim/share/turtlesim/environment/ament_prefix_path.sh
[80.155s] -- Installing: /home/haliedo/IntroWorkSpaceQuynhAnh/install/turtlesim/share/turtlesim/environment/ament_prefix_path.dsv
[80.156s] -- Installing: /home/haliedo/IntroWorkSpaceQuynhAnh/install/turtlesim/share/turtlesim/environment/path.sh
[80.156s] -- Installing: /home/haliedo/IntroWorkSpaceQuynhAnh/install/turtlesim/share/turtlesim/environment/path.dsv
[80.156s] -- Installing: /home/haliedo/IntroWorkSpaceQuynhAnh/install/turtlesim/share/turtlesim/local_setup.bash
[80.156s] -- Installing: /home/haliedo/IntroWorkSpaceQuynhAnh/install/turtlesim/share/turtlesim/local_setup.sh
[80.157s] -- Installing: /home/haliedo/IntroWorkSpaceQuynhAnh/install/turtlesim/share/turtlesim/local_setup.zsh
[80.158s] -- Installing: /home/haliedo/IntroWorkSpaceQuynhAnh/install/turtlesim/share/turtlesim/local_setup.dsv
[80.164s] -- Installing: /home/haliedo/IntroWorkSpaceQuynhAnh/install/turtlesim/share/turtlesim/package.dsv
[80.164s] -- Installing: /home/haliedo/IntroWorkSpaceQuynhAnh/install/turtlesim/share/ament_index/resource_index/packages/turtlesim
[80.164s] -- Installing: /home/haliedo/IntroWorkSpaceQuynhAnh/install/turtlesim/share/turtlesim/cmake/turtlesim__rosidl_generator_cExport.cmake
[80.174s] -- Installing: /home/haliedo/IntroWorkSpaceQuynhAnh/install/turtlesim/share/turtlesim/cmake/turtlesim__rosidl_generator_cExport-noconfig.cmake
[80.175s] -- Installing: /home/haliedo/IntroWorkSpaceQuynhAnh/install/turtlesim/share/turtlesim/cmake/turtlesim__rosidl_typesupport_introspection_cExport.cmake
[80.175s] -- Installing: /home/haliedo/IntroWorkSpaceQuynhAnh/install/turtlesim/share/turtlesim/cmake/turtlesim__rosidl_typesupport_introspection_cExport-noconfig.cmake
[80.175s] -- Installing: /home/haliedo/IntroWorkSpaceQuynhAnh/install/turtlesim/share/turtlesim/cmake/turtlesim__rosidl_typesupport_cExport.cmake
[80.175s] -- Installing: /home/haliedo/IntroWorkSpaceQuynhAnh/install/turtlesim/share/turtlesim/cmake/turtlesim__rosidl_typesupport_cExport-noconfig.cmake
[80.175s] -- Installing: /home/haliedo/IntroWorkSpaceQuynhAnh/install/turtlesim/share/turtlesim/cmake/turtlesim__rosidl_generator_cppExport.cmake
[80.176s] -- Installing: /home/haliedo/IntroWorkSpaceQuynhAnh/install/turtlesim/share/turtlesim/cmake/turtlesim__rosidl_typesupport_introspection_cppExport.cmake
[80.176s] -- Installing: /home/haliedo/IntroWorkSpaceQuynhAnh/install/turtlesim/share/turtlesim/cmake/turtlesim__rosidl_typesupport_introspection_cppExport-noconfig.cmake
[80.176s] -- Installing: /home/haliedo/IntroWorkSpaceQuynhAnh/install/turtlesim/share/turtlesim/cmake/turtlesim__rosidl_typesupport_cppExport.cmake
[80.176s] -- Installing: /home/haliedo/IntroWorkSpaceQuynhAnh/install/turtlesim/share/turtlesim/cmake/turtlesim__rosidl_typesupport_cppExport-noconfig.cmake
[80.176s] -- Installing: /home/haliedo/IntroWorkSpaceQuynhAnh/install/turtlesim/share/turtlesim/cmake/rosidl_cmake-extras.cmake
[80.177s] -- Installing: /home/haliedo/IntroWorkSpaceQuynhAnh/install/turtlesim/share/turtlesim/cmake/ament_cmake_export_dependencies-extras.cmake
[80.177s] -- Installing: /home/haliedo/IntroWorkSpaceQuynhAnh/install/turtlesim/share/turtlesim/cmake/ament_cmake_export_libraries-extras.cmake
[80.177s] -- Installing: /home/haliedo/IntroWorkSpaceQuynhAnh/install/turtlesim/share/turtlesim/cmake/ament_cmake_export_targets-extras.cmake
[80.177s] -- Installing: /home/haliedo/IntroWorkSpaceQuynhAnh/install/turtlesim/share/turtlesim/cmake/ament_cmake_export_include_directories-extras.cmake
[80.177s] -- Installing: /home/haliedo/IntroWorkSpaceQuynhAnh/install/turtlesim/share/turtlesim/cmake/rosidl_cmake_export_typesupport_libraries-extras.cmake
[80.177s] -- Installing: /home/haliedo/IntroWorkSpaceQuynhAnh/install/turtlesim/share/turtlesim/cmake/rosidl_cmake_export_typesupport_targets-extras.cmake
[80.177s] -- Installing: /home/haliedo/IntroWorkSpaceQuynhAnh/install/turtlesim/share/turtlesim/cmake/turtlesimConfig.cmake
[80.178s] -- Installing: /home/haliedo/IntroWorkSpaceQuynhAnh/install/turtlesim/share/turtlesim/cmake/turtlesimConfig-version.cmake
[80.178s] -- Installing: /home/haliedo/IntroWorkSpaceQuynhAnh/install/turtlesim/share/turtlesim/package.xml
[80.178s] Invoked command in '/home/haliedo/IntroWorkSpaceQuynhAnh/build/turtlesim' returned '0': CMAKE_PREFIX_PATH=/opt/ros/foxy /usr/bin/cmake --install /home/haliedo/IntroWorkSpaceQuynhAnh/build/turtlesim
