[2.120s] Invoking command in '/home/haliedo/IntroWorkSpaceQuynhAnh/src/py_pubsub': PYTHONPATH=/home/haliedo/IntroWorkSpaceQuynhAnh/build/py_pubsub/prefix_override:/home/haliedo/IntroWorkSpaceQuynhAnh/install/py_pubsub/lib/python3.8/site-packages:${PYTHONPATH} /usr/bin/python3 setup.py egg_info --egg-base ../../build/py_pubsub build --build-base /home/haliedo/IntroWorkSpaceQuynhAnh/build/py_pubsub/build install --record /home/haliedo/IntroWorkSpaceQuynhAnh/build/py_pubsub/install.log --install-scripts $base/lib/py_pubsub --single-version-externally-managed
[2.775s] running egg_info
[2.777s] writing ../../build/py_pubsub/py_pubsub.egg-info/PKG-INFO
[2.779s] writing dependency_links to ../../build/py_pubsub/py_pubsub.egg-info/dependency_links.txt
[2.779s] writing entry points to ../../build/py_pubsub/py_pubsub.egg-info/entry_points.txt
[2.780s] writing requirements to ../../build/py_pubsub/py_pubsub.egg-info/requires.txt
[2.780s] writing top-level names to ../../build/py_pubsub/py_pubsub.egg-info/top_level.txt
[2.883s] reading manifest file '../../build/py_pubsub/py_pubsub.egg-info/SOURCES.txt'
[2.886s] writing manifest file '../../build/py_pubsub/py_pubsub.egg-info/SOURCES.txt'
[2.887s] running build
[2.887s] running build_py
[2.888s] running install
[2.892s] running install_lib
[2.899s] running install_data
[2.901s] running install_egg_info
[2.907s] removing '/home/haliedo/IntroWorkSpaceQuynhAnh/install/py_pubsub/lib/python3.8/site-packages/py_pubsub-0.0.0-py3.8.egg-info' (and everything under it)
[2.908s] Copying ../../build/py_pubsub/py_pubsub.egg-info to /home/haliedo/IntroWorkSpaceQuynhAnh/install/py_pubsub/lib/python3.8/site-packages/py_pubsub-0.0.0-py3.8.egg-info
[2.911s] running install_scripts
[2.952s] Installing unix_epoch_time_publisher script to /home/haliedo/IntroWorkSpaceQuynhAnh/install/py_pubsub/lib/py_pubsub
[2.952s] Installing unix_epoch_time_subscriber script to /home/haliedo/IntroWorkSpaceQuynhAnh/install/py_pubsub/lib/py_pubsub
[2.952s] writing list of installed files to '/home/haliedo/IntroWorkSpaceQuynhAnh/build/py_pubsub/install.log'
[3.026s] Invoked command in '/home/haliedo/IntroWorkSpaceQuynhAnh/src/py_pubsub' returned '0': PYTHONPATH=/home/haliedo/IntroWorkSpaceQuynhAnh/build/py_pubsub/prefix_override:/home/haliedo/IntroWorkSpaceQuynhAnh/install/py_pubsub/lib/python3.8/site-packages:${PYTHONPATH} /usr/bin/python3 setup.py egg_info --egg-base ../../build/py_pubsub build --build-base /home/haliedo/IntroWorkSpaceQuynhAnh/build/py_pubsub/build install --record /home/haliedo/IntroWorkSpaceQuynhAnh/build/py_pubsub/install.log --install-scripts $base/lib/py_pubsub --single-version-externally-managed
