[1.938s] DEBUG:colcon:Command line arguments: ['/usr/bin/colcon', 'build', '--packages-select', 'py_pubsub']
[1.938s] DEBUG:colcon:Parsed command line arguments: Namespace(allow_overriding=[], ament_cmake_args=None, base_paths=['.'], build_base='build', catkin_cmake_args=None, catkin_skip_building_tests=False, cmake_args=None, cmake_clean_cache=False, cmake_clean_first=False, cmake_force_configure=False, cmake_target=None, cmake_target_skip_unavailable=False, continue_on_error=False, event_handlers=None, executor='parallel', ignore_user_meta=False, install_base='install', log_base=None, log_level=None, main=<bound method BuildVerb.main of <colcon_core.verb.build.BuildVerb object at 0x7f0a1820a0a0>>, merge_install=False, metas=['./colcon.meta'], packages_above=None, packages_above_and_dependencies=None, packages_above_depth=None, packages_end=None, packages_ignore=None, packages_ignore_regex=None, packages_select=['py_pubsub'], packages_select_build_failed=False, packages_select_by_dep=None, packages_select_regex=None, packages_select_test_failures=False, packages_skip=None, packages_skip_build_finished=False, packages_skip_by_dep=None, packages_skip_regex=None, packages_skip_test_passed=False, packages_skip_up_to=None, packages_start=None, packages_up_to=None, packages_up_to_regex=None, parallel_workers=2, paths=None, symlink_install=False, test_result_base=None, verb_extension=<colcon_core.verb.build.BuildVerb object at 0x7f0a1820a0a0>, verb_name='build', verb_parser=<colcon_defaults.argument_parser.defaults.DefaultArgumentsDecorator object at 0x7f0a1820a550>)
[2.117s] Level 1:colcon.colcon_core.package_discovery:discover_packages(colcon_meta) check parameters
[2.117s] Level 1:colcon.colcon_core.package_discovery:discover_packages(recursive) check parameters
[2.117s] Level 1:colcon.colcon_core.package_discovery:discover_packages(ignore) check parameters
[2.117s] Level 1:colcon.colcon_core.package_discovery:discover_packages(path) check parameters
[2.117s] Level 1:colcon.colcon_core.package_discovery:discover_packages(colcon_meta) discover
[2.118s] Level 1:colcon.colcon_core.package_discovery:discover_packages(recursive) discover
[2.118s] INFO:colcon.colcon_core.package_discovery:Crawling recursively for packages in '/home/haliedo/IntroWorkSpaceQuynhAnh'
[2.118s] Level 1:colcon.colcon_core.package_identification:_identify(.) by extensions ['ignore', 'ignore_ament_install']
[2.118s] Level 1:colcon.colcon_core.package_identification:_identify(.) by extension 'ignore'
[2.119s] Level 1:colcon.colcon_core.package_identification:_identify(.) by extension 'ignore_ament_install'
[2.119s] Level 1:colcon.colcon_core.package_identification:_identify(.) by extensions ['colcon_pkg']
[2.119s] Level 1:colcon.colcon_core.package_identification:_identify(.) by extension 'colcon_pkg'
[2.119s] Level 1:colcon.colcon_core.package_identification:_identify(.) by extensions ['colcon_meta']
[2.119s] Level 1:colcon.colcon_core.package_identification:_identify(.) by extension 'colcon_meta'
[2.119s] Level 1:colcon.colcon_core.package_identification:_identify(.) by extensions ['ros']
[2.119s] Level 1:colcon.colcon_core.package_identification:_identify(.) by extension 'ros'
[2.187s] Level 1:colcon.colcon_core.package_identification:_identify(.) by extensions ['cmake', 'python']
[2.188s] Level 1:colcon.colcon_core.package_identification:_identify(.) by extension 'cmake'
[2.188s] Level 1:colcon.colcon_core.package_identification:_identify(.) by extension 'python'
[2.188s] Level 1:colcon.colcon_core.package_identification:_identify(.) by extensions ['python_setup_py']
[2.188s] Level 1:colcon.colcon_core.package_identification:_identify(.) by extension 'python_setup_py'
[2.188s] Level 1:colcon.colcon_core.package_identification:_identify(build) by extensions ['ignore', 'ignore_ament_install']
[2.189s] Level 1:colcon.colcon_core.package_identification:_identify(build) by extension 'ignore'
[2.189s] Level 1:colcon.colcon_core.package_identification:_identify(build) ignored
[2.190s] Level 1:colcon.colcon_core.package_identification:_identify(install) by extensions ['ignore', 'ignore_ament_install']
[2.190s] Level 1:colcon.colcon_core.package_identification:_identify(install) by extension 'ignore'
[2.191s] Level 1:colcon.colcon_core.package_identification:_identify(install) ignored
[2.191s] Level 1:colcon.colcon_core.package_identification:_identify(log) by extensions ['ignore', 'ignore_ament_install']
[2.191s] Level 1:colcon.colcon_core.package_identification:_identify(log) by extension 'ignore'
[2.191s] Level 1:colcon.colcon_core.package_identification:_identify(log) ignored
[2.192s] Level 1:colcon.colcon_core.package_identification:_identify(src) by extensions ['ignore', 'ignore_ament_install']
[2.192s] Level 1:colcon.colcon_core.package_identification:_identify(src) by extension 'ignore'
[2.192s] Level 1:colcon.colcon_core.package_identification:_identify(src) by extension 'ignore_ament_install'
[2.192s] Level 1:colcon.colcon_core.package_identification:_identify(src) by extensions ['colcon_pkg']
[2.192s] Level 1:colcon.colcon_core.package_identification:_identify(src) by extension 'colcon_pkg'
[2.192s] Level 1:colcon.colcon_core.package_identification:_identify(src) by extensions ['colcon_meta']
[2.192s] Level 1:colcon.colcon_core.package_identification:_identify(src) by extension 'colcon_meta'
[2.193s] Level 1:colcon.colcon_core.package_identification:_identify(src) by extensions ['ros']
[2.193s] Level 1:colcon.colcon_core.package_identification:_identify(src) by extension 'ros'
[2.193s] Level 1:colcon.colcon_core.package_identification:_identify(src) by extensions ['cmake', 'python']
[2.193s] Level 1:colcon.colcon_core.package_identification:_identify(src) by extension 'cmake'
[2.193s] Level 1:colcon.colcon_core.package_identification:_identify(src) by extension 'python'
[2.193s] Level 1:colcon.colcon_core.package_identification:_identify(src) by extensions ['python_setup_py']
[2.194s] Level 1:colcon.colcon_core.package_identification:_identify(src) by extension 'python_setup_py'
[2.194s] Level 1:colcon.colcon_core.package_identification:_identify(src/build) by extensions ['ignore', 'ignore_ament_install']
[2.194s] Level 1:colcon.colcon_core.package_identification:_identify(src/build) by extension 'ignore'
[2.194s] Level 1:colcon.colcon_core.package_identification:_identify(src/build) ignored
[2.195s] Level 1:colcon.colcon_core.package_identification:_identify(src/install) by extensions ['ignore', 'ignore_ament_install']
[2.195s] Level 1:colcon.colcon_core.package_identification:_identify(src/install) by extension 'ignore'
[2.195s] Level 1:colcon.colcon_core.package_identification:_identify(src/install) ignored
[2.195s] Level 1:colcon.colcon_core.package_identification:_identify(src/log) by extensions ['ignore', 'ignore_ament_install']
[2.195s] Level 1:colcon.colcon_core.package_identification:_identify(src/log) by extension 'ignore'
[2.196s] Level 1:colcon.colcon_core.package_identification:_identify(src/log) ignored
[2.196s] Level 1:colcon.colcon_core.package_identification:_identify(src/py_pubsub) by extensions ['ignore', 'ignore_ament_install']
[2.196s] Level 1:colcon.colcon_core.package_identification:_identify(src/py_pubsub) by extension 'ignore'
[2.196s] Level 1:colcon.colcon_core.package_identification:_identify(src/py_pubsub) by extension 'ignore_ament_install'
[2.196s] Level 1:colcon.colcon_core.package_identification:_identify(src/py_pubsub) by extensions ['colcon_pkg']
[2.196s] Level 1:colcon.colcon_core.package_identification:_identify(src/py_pubsub) by extension 'colcon_pkg'
[2.196s] Level 1:colcon.colcon_core.package_identification:_identify(src/py_pubsub) by extensions ['colcon_meta']
[2.197s] Level 1:colcon.colcon_core.package_identification:_identify(src/py_pubsub) by extension 'colcon_meta'
[2.197s] Level 1:colcon.colcon_core.package_identification:_identify(src/py_pubsub) by extensions ['ros']
[2.197s] Level 1:colcon.colcon_core.package_identification:_identify(src/py_pubsub) by extension 'ros'
[2.211s] DEBUG:colcon.colcon_core.package_identification:Package 'src/py_pubsub' with type 'ros.ament_python' and name 'py_pubsub'
[2.212s] Level 1:colcon.colcon_core.package_identification:_identify(src/ros_tutorials) by extensions ['ignore', 'ignore_ament_install']
[2.212s] Level 1:colcon.colcon_core.package_identification:_identify(src/ros_tutorials) by extension 'ignore'
[2.213s] Level 1:colcon.colcon_core.package_identification:_identify(src/ros_tutorials) by extension 'ignore_ament_install'
[2.214s] Level 1:colcon.colcon_core.package_identification:_identify(src/ros_tutorials) by extensions ['colcon_pkg']
[2.214s] Level 1:colcon.colcon_core.package_identification:_identify(src/ros_tutorials) by extension 'colcon_pkg'
[2.214s] Level 1:colcon.colcon_core.package_identification:_identify(src/ros_tutorials) by extensions ['colcon_meta']
[2.214s] Level 1:colcon.colcon_core.package_identification:_identify(src/ros_tutorials) by extension 'colcon_meta'
[2.215s] Level 1:colcon.colcon_core.package_identification:_identify(src/ros_tutorials) by extensions ['ros']
[2.215s] Level 1:colcon.colcon_core.package_identification:_identify(src/ros_tutorials) by extension 'ros'
[2.215s] Level 1:colcon.colcon_core.package_identification:_identify(src/ros_tutorials) by extensions ['cmake', 'python']
[2.215s] Level 1:colcon.colcon_core.package_identification:_identify(src/ros_tutorials) by extension 'cmake'
[2.216s] Level 1:colcon.colcon_core.package_identification:_identify(src/ros_tutorials) by extension 'python'
[2.216s] Level 1:colcon.colcon_core.package_identification:_identify(src/ros_tutorials) by extensions ['python_setup_py']
[2.216s] Level 1:colcon.colcon_core.package_identification:_identify(src/ros_tutorials) by extension 'python_setup_py'
[2.218s] Level 1:colcon.colcon_core.package_identification:_identify(src/ros_tutorials/ros_tutorials) by extensions ['ignore', 'ignore_ament_install']
[2.218s] Level 1:colcon.colcon_core.package_identification:_identify(src/ros_tutorials/ros_tutorials) by extension 'ignore'
[2.219s] Level 1:colcon.colcon_core.package_identification:_identify(src/ros_tutorials/ros_tutorials) ignored
[2.220s] Level 1:colcon.colcon_core.package_identification:_identify(src/ros_tutorials/roscpp_tutorials) by extensions ['ignore', 'ignore_ament_install']
[2.221s] Level 1:colcon.colcon_core.package_identification:_identify(src/ros_tutorials/roscpp_tutorials) by extension 'ignore'
[2.221s] Level 1:colcon.colcon_core.package_identification:_identify(src/ros_tutorials/roscpp_tutorials) ignored
[2.223s] Level 1:colcon.colcon_core.package_identification:_identify(src/ros_tutorials/rospy_tutorials) by extensions ['ignore', 'ignore_ament_install']
[2.223s] Level 1:colcon.colcon_core.package_identification:_identify(src/ros_tutorials/rospy_tutorials) by extension 'ignore'
[2.223s] Level 1:colcon.colcon_core.package_identification:_identify(src/ros_tutorials/rospy_tutorials) ignored
[2.225s] Level 1:colcon.colcon_core.package_identification:_identify(src/ros_tutorials/turtlesim) by extensions ['ignore', 'ignore_ament_install']
[2.225s] Level 1:colcon.colcon_core.package_identification:_identify(src/ros_tutorials/turtlesim) by extension 'ignore'
[2.226s] Level 1:colcon.colcon_core.package_identification:_identify(src/ros_tutorials/turtlesim) by extension 'ignore_ament_install'
[2.226s] Level 1:colcon.colcon_core.package_identification:_identify(src/ros_tutorials/turtlesim) by extensions ['colcon_pkg']
[2.226s] Level 1:colcon.colcon_core.package_identification:_identify(src/ros_tutorials/turtlesim) by extension 'colcon_pkg'
[2.226s] Level 1:colcon.colcon_core.package_identification:_identify(src/ros_tutorials/turtlesim) by extensions ['colcon_meta']
[2.226s] Level 1:colcon.colcon_core.package_identification:_identify(src/ros_tutorials/turtlesim) by extension 'colcon_meta'
[2.226s] Level 1:colcon.colcon_core.package_identification:_identify(src/ros_tutorials/turtlesim) by extensions ['ros']
[2.226s] Level 1:colcon.colcon_core.package_identification:_identify(src/ros_tutorials/turtlesim) by extension 'ros'
[2.231s] DEBUG:colcon.colcon_core.package_identification:Package 'src/ros_tutorials/turtlesim' with type 'ros.ament_cmake' and name 'turtlesim'
[2.231s] Level 1:colcon.colcon_core.package_discovery:discover_packages(recursive) using defaults
[2.232s] Level 1:colcon.colcon_core.package_discovery:discover_packages(ignore) discover
[2.232s] Level 1:colcon.colcon_core.package_discovery:discover_packages(ignore) using defaults
[2.232s] Level 1:colcon.colcon_core.package_discovery:discover_packages(path) discover
[2.232s] Level 1:colcon.colcon_core.package_discovery:discover_packages(path) using defaults
[2.340s] INFO:colcon.colcon_core.package_selection:Skipping not selected package 'turtlesim' in 'src/ros_tutorials/turtlesim'
[2.343s] Level 1:colcon.colcon_core.package_discovery:discover_packages(prefix_path) check parameters
[2.344s] Level 1:colcon.colcon_core.package_discovery:discover_packages(prefix_path) discover
[2.361s] DEBUG:colcon.colcon_installed_package_information.package_discovery:Found 263 installed packages in /opt/ros/foxy
[2.368s] Level 1:colcon.colcon_core.package_discovery:discover_packages(prefix_path) using defaults
[2.687s] Level 5:colcon.colcon_core.verb:set package 'py_pubsub' build argument 'cmake_args' from command line to 'None'
[2.687s] Level 5:colcon.colcon_core.verb:set package 'py_pubsub' build argument 'cmake_target' from command line to 'None'
[2.688s] Level 5:colcon.colcon_core.verb:set package 'py_pubsub' build argument 'cmake_target_skip_unavailable' from command line to 'False'
[2.688s] Level 5:colcon.colcon_core.verb:set package 'py_pubsub' build argument 'cmake_clean_cache' from command line to 'False'
[2.688s] Level 5:colcon.colcon_core.verb:set package 'py_pubsub' build argument 'cmake_clean_first' from command line to 'False'
[2.688s] Level 5:colcon.colcon_core.verb:set package 'py_pubsub' build argument 'cmake_force_configure' from command line to 'False'
[2.688s] Level 5:colcon.colcon_core.verb:set package 'py_pubsub' build argument 'ament_cmake_args' from command line to 'None'
[2.688s] Level 5:colcon.colcon_core.verb:set package 'py_pubsub' build argument 'catkin_cmake_args' from command line to 'None'
[2.688s] Level 5:colcon.colcon_core.verb:set package 'py_pubsub' build argument 'catkin_skip_building_tests' from command line to 'False'
[2.688s] DEBUG:colcon.colcon_core.verb:Building package 'py_pubsub' with the following arguments: {'ament_cmake_args': None, 'build_base': '/home/haliedo/IntroWorkSpaceQuynhAnh/build/py_pubsub', 'catkin_cmake_args': None, 'catkin_skip_building_tests': False, 'cmake_args': None, 'cmake_clean_cache': False, 'cmake_clean_first': False, 'cmake_force_configure': False, 'cmake_target': None, 'cmake_target_skip_unavailable': False, 'install_base': '/home/haliedo/IntroWorkSpaceQuynhAnh/install/py_pubsub', 'merge_install': False, 'path': '/home/haliedo/IntroWorkSpaceQuynhAnh/src/py_pubsub', 'symlink_install': False, 'test_result_base': None}
[2.690s] INFO:colcon.colcon_core.executor:Executing jobs using 'parallel' executor
[2.704s] DEBUG:colcon.colcon_parallel_executor.executor.parallel:run_until_complete
[2.705s] INFO:colcon.colcon_ros.task.ament_python.build:Building ROS package in '/home/haliedo/IntroWorkSpaceQuynhAnh/src/py_pubsub' with build type 'ament_python'
[2.706s] Level 1:colcon.colcon_core.shell:create_environment_hook('py_pubsub', 'ament_prefix_path')
[2.741s] INFO:colcon.colcon_core.plugin_system:Skipping extension 'colcon_core.shell.bat': Not used on non-Windows systems
[2.742s] INFO:colcon.colcon_core.shell:Creating environment hook '/home/haliedo/IntroWorkSpaceQuynhAnh/install/py_pubsub/share/py_pubsub/hook/ament_prefix_path.ps1'
[2.749s] INFO:colcon.colcon_core.shell:Creating environment descriptor '/home/haliedo/IntroWorkSpaceQuynhAnh/install/py_pubsub/share/py_pubsub/hook/ament_prefix_path.dsv'
[2.753s] INFO:colcon.colcon_core.shell:Creating environment hook '/home/haliedo/IntroWorkSpaceQuynhAnh/install/py_pubsub/share/py_pubsub/hook/ament_prefix_path.sh'
[2.761s] INFO:colcon.colcon_core.shell:Skip shell extension 'powershell' for command environment: Not usable outside of PowerShell
[2.761s] DEBUG:colcon.colcon_core.shell:Skip shell extension 'dsv' for command environment
[3.529s] INFO:colcon.colcon_core.task.python.build:Building Python package in '/home/haliedo/IntroWorkSpaceQuynhAnh/src/py_pubsub'
[3.534s] INFO:colcon.colcon_core.shell:Skip shell extension 'powershell' for command environment: Not usable outside of PowerShell
[3.535s] DEBUG:colcon.colcon_core.shell:Skip shell extension 'dsv' for command environment
[5.515s] DEBUG:colcon.colcon_core.event_handler.log_command:Invoking command in '/home/haliedo/IntroWorkSpaceQuynhAnh/src/py_pubsub': PYTHONPATH=/home/haliedo/IntroWorkSpaceQuynhAnh/build/py_pubsub/prefix_override:/home/haliedo/IntroWorkSpaceQuynhAnh/install/py_pubsub/lib/python3.8/site-packages:${PYTHONPATH} /usr/bin/python3 setup.py egg_info --egg-base ../../build/py_pubsub build --build-base /home/haliedo/IntroWorkSpaceQuynhAnh/build/py_pubsub/build install --record /home/haliedo/IntroWorkSpaceQuynhAnh/build/py_pubsub/install.log --install-scripts $base/lib/py_pubsub --single-version-externally-managed
[6.602s] DEBUG:colcon.colcon_core.event_handler.log_command:Invoked command in '/home/haliedo/IntroWorkSpaceQuynhAnh/src/py_pubsub' returned '0': PYTHONPATH=/home/haliedo/IntroWorkSpaceQuynhAnh/build/py_pubsub/prefix_override:/home/haliedo/IntroWorkSpaceQuynhAnh/install/py_pubsub/lib/python3.8/site-packages:${PYTHONPATH} /usr/bin/python3 setup.py egg_info --egg-base ../../build/py_pubsub build --build-base /home/haliedo/IntroWorkSpaceQuynhAnh/build/py_pubsub/build install --record /home/haliedo/IntroWorkSpaceQuynhAnh/build/py_pubsub/install.log --install-scripts $base/lib/py_pubsub --single-version-externally-managed
[6.638s] Level 1:colcon.colcon_core.environment:checking '/home/haliedo/IntroWorkSpaceQuynhAnh/install/py_pubsub' for CMake module files
[6.639s] Level 1:colcon.colcon_core.environment:checking '/home/haliedo/IntroWorkSpaceQuynhAnh/install/py_pubsub' for CMake config files
[6.644s] Level 1:colcon.colcon_core.environment:checking '/home/haliedo/IntroWorkSpaceQuynhAnh/install/py_pubsub/lib'
[6.645s] Level 1:colcon.colcon_core.environment:checking '/home/haliedo/IntroWorkSpaceQuynhAnh/install/py_pubsub/bin'
[6.645s] Level 1:colcon.colcon_core.environment:checking '/home/haliedo/IntroWorkSpaceQuynhAnh/install/py_pubsub/lib/pkgconfig/py_pubsub.pc'
[6.645s] Level 1:colcon.colcon_core.environment:checking '/home/haliedo/IntroWorkSpaceQuynhAnh/install/py_pubsub/lib/python3.8/site-packages'
[6.646s] Level 1:colcon.colcon_core.shell:create_environment_hook('py_pubsub', 'pythonpath')
[6.650s] INFO:colcon.colcon_core.shell:Creating environment hook '/home/haliedo/IntroWorkSpaceQuynhAnh/install/py_pubsub/share/py_pubsub/hook/pythonpath.ps1'
[6.654s] INFO:colcon.colcon_core.shell:Creating environment descriptor '/home/haliedo/IntroWorkSpaceQuynhAnh/install/py_pubsub/share/py_pubsub/hook/pythonpath.dsv'
[6.655s] INFO:colcon.colcon_core.shell:Creating environment hook '/home/haliedo/IntroWorkSpaceQuynhAnh/install/py_pubsub/share/py_pubsub/hook/pythonpath.sh'
[6.657s] Level 1:colcon.colcon_core.environment:checking '/home/haliedo/IntroWorkSpaceQuynhAnh/install/py_pubsub/bin'
[6.657s] Level 1:colcon.colcon_core.environment:create_environment_scripts_only(py_pubsub)
[6.663s] INFO:colcon.colcon_core.shell:Creating package script '/home/haliedo/IntroWorkSpaceQuynhAnh/install/py_pubsub/share/py_pubsub/package.ps1'
[6.667s] INFO:colcon.colcon_core.shell:Creating package descriptor '/home/haliedo/IntroWorkSpaceQuynhAnh/install/py_pubsub/share/py_pubsub/package.dsv'
[6.670s] INFO:colcon.colcon_core.shell:Creating package script '/home/haliedo/IntroWorkSpaceQuynhAnh/install/py_pubsub/share/py_pubsub/package.sh'
[6.675s] INFO:colcon.colcon_core.shell:Creating package script '/home/haliedo/IntroWorkSpaceQuynhAnh/install/py_pubsub/share/py_pubsub/package.bash'
[6.679s] INFO:colcon.colcon_core.shell:Creating package script '/home/haliedo/IntroWorkSpaceQuynhAnh/install/py_pubsub/share/py_pubsub/package.zsh'
[6.685s] Level 1:colcon.colcon_core.environment:create_file_with_runtime_dependencies(/home/haliedo/IntroWorkSpaceQuynhAnh/install/py_pubsub/share/colcon-core/packages/py_pubsub)
[6.688s] DEBUG:colcon.colcon_parallel_executor.executor.parallel:closing loop
[6.690s] DEBUG:colcon.colcon_parallel_executor.executor.parallel:loop closed
[6.691s] DEBUG:colcon.colcon_parallel_executor.executor.parallel:run_until_complete finished with '0'
[6.691s] DEBUG:colcon.colcon_core.event_reactor:joining thread
[6.724s] INFO:colcon.colcon_core.plugin_system:Skipping extension 'colcon_notification.desktop_notification.terminal_notifier': Not used on non-Darwin systems
[6.725s] INFO:colcon.colcon_core.plugin_system:Skipping extension 'colcon_notification.desktop_notification.win32': Not used on non-Windows systems
[6.726s] INFO:colcon.colcon_notification.desktop_notification:Sending desktop notification using 'notify2'
[6.810s] DEBUG:colcon.colcon_core.event_reactor:joined thread
[6.817s] INFO:colcon.colcon_core.shell:Creating prefix script '/home/haliedo/IntroWorkSpaceQuynhAnh/install/local_setup.ps1'
[6.822s] INFO:colcon.colcon_core.shell:Creating prefix util module '/home/haliedo/IntroWorkSpaceQuynhAnh/install/_local_setup_util_ps1.py'
[6.828s] INFO:colcon.colcon_core.shell:Creating prefix chain script '/home/haliedo/IntroWorkSpaceQuynhAnh/install/setup.ps1'
[6.833s] INFO:colcon.colcon_core.shell:Creating prefix script '/home/haliedo/IntroWorkSpaceQuynhAnh/install/local_setup.sh'
[6.836s] INFO:colcon.colcon_core.shell:Creating prefix util module '/home/haliedo/IntroWorkSpaceQuynhAnh/install/_local_setup_util_sh.py'
[6.838s] INFO:colcon.colcon_core.shell:Creating prefix chain script '/home/haliedo/IntroWorkSpaceQuynhAnh/install/setup.sh'
[6.843s] INFO:colcon.colcon_core.shell:Creating prefix script '/home/haliedo/IntroWorkSpaceQuynhAnh/install/local_setup.bash'
[6.847s] INFO:colcon.colcon_core.shell:Creating prefix chain script '/home/haliedo/IntroWorkSpaceQuynhAnh/install/setup.bash'
[6.854s] INFO:colcon.colcon_core.shell:Creating prefix script '/home/haliedo/IntroWorkSpaceQuynhAnh/install/local_setup.zsh'
[6.857s] INFO:colcon.colcon_core.shell:Creating prefix chain script '/home/haliedo/IntroWorkSpaceQuynhAnh/install/setup.zsh'
