[1.206s] Invoking command in '/home/haliedo/IntroWorkSpaceQuynhAnh/src/py_pubsub': PYTHONPATH=/home/haliedo/IntroWorkSpaceQuynhAnh/build/py_pubsub/prefix_override:/home/haliedo/IntroWorkSpaceQuynhAnh/install/py_pubsub/lib/python3.8/site-packages:${PYTHONPATH} /usr/bin/python3 setup.py egg_info --egg-base ../../build/py_pubsub build --build-base /home/haliedo/IntroWorkSpaceQuynhAnh/build/py_pubsub/build install --record /home/haliedo/IntroWorkSpaceQuynhAnh/build/py_pubsub/install.log --install-scripts $base/lib/py_pubsub --single-version-externally-managed
[1.615s] running egg_info
[1.617s] writing ../../build/py_pubsub/py_pubsub.egg-info/PKG-INFO
[1.618s] writing dependency_links to ../../build/py_pubsub/py_pubsub.egg-info/dependency_links.txt
[1.619s] writing entry points to ../../build/py_pubsub/py_pubsub.egg-info/entry_points.txt
[1.619s] writing requirements to ../../build/py_pubsub/py_pubsub.egg-info/requires.txt
[1.619s] writing top-level names to ../../build/py_pubsub/py_pubsub.egg-info/top_level.txt
[1.688s] reading manifest file '../../build/py_pubsub/py_pubsub.egg-info/SOURCES.txt'
[1.690s] writing manifest file '../../build/py_pubsub/py_pubsub.egg-info/SOURCES.txt'
[1.690s] running build
[1.690s] running build_py
[1.691s] copying py_pubsub/danmei_is_life.py -> /home/haliedo/IntroWorkSpaceQuynhAnh/build/py_pubsub/build/lib/py_pubsub
[1.691s] copying py_pubsub/danmei_is_passion.py -> /home/haliedo/IntroWorkSpaceQuynhAnh/build/py_pubsub/build/lib/py_pubsub
[1.692s] running install
[1.694s] running install_lib
[1.696s] copying /home/haliedo/IntroWorkSpaceQuynhAnh/build/py_pubsub/build/lib/py_pubsub/danmei_is_life.py -> /home/haliedo/IntroWorkSpaceQuynhAnh/install/py_pubsub/lib/python3.8/site-packages/py_pubsub
[1.697s] copying /home/haliedo/IntroWorkSpaceQuynhAnh/build/py_pubsub/build/lib/py_pubsub/danmei_is_passion.py -> /home/haliedo/IntroWorkSpaceQuynhAnh/install/py_pubsub/lib/python3.8/site-packages/py_pubsub
[1.698s] byte-compiling /home/haliedo/IntroWorkSpaceQuynhAnh/install/py_pubsub/lib/python3.8/site-packages/py_pubsub/danmei_is_life.py to danmei_is_life.cpython-38.pyc
[1.701s] byte-compiling /home/haliedo/IntroWorkSpaceQuynhAnh/install/py_pubsub/lib/python3.8/site-packages/py_pubsub/danmei_is_passion.py to danmei_is_passion.cpython-38.pyc
[1.703s] running install_data
[1.704s] running install_egg_info
[1.707s] removing '/home/haliedo/IntroWorkSpaceQuynhAnh/install/py_pubsub/lib/python3.8/site-packages/py_pubsub-0.0.0-py3.8.egg-info' (and everything under it)
[1.707s] Copying ../../build/py_pubsub/py_pubsub.egg-info to /home/haliedo/IntroWorkSpaceQuynhAnh/install/py_pubsub/lib/python3.8/site-packages/py_pubsub-0.0.0-py3.8.egg-info
[1.709s] running install_scripts
[1.746s] Installing unix_epoch_time_publisher script to /home/haliedo/IntroWorkSpaceQuynhAnh/install/py_pubsub/lib/py_pubsub
[1.746s] Installing unix_epoch_time_subscriber script to /home/haliedo/IntroWorkSpaceQuynhAnh/install/py_pubsub/lib/py_pubsub
[1.746s] writing list of installed files to '/home/haliedo/IntroWorkSpaceQuynhAnh/build/py_pubsub/install.log'
[1.781s] Invoked command in '/home/haliedo/IntroWorkSpaceQuynhAnh/src/py_pubsub' returned '0': PYTHONPATH=/home/haliedo/IntroWorkSpaceQuynhAnh/build/py_pubsub/prefix_override:/home/haliedo/IntroWorkSpaceQuynhAnh/install/py_pubsub/lib/python3.8/site-packages:${PYTHONPATH} /usr/bin/python3 setup.py egg_info --egg-base ../../build/py_pubsub build --build-base /home/haliedo/IntroWorkSpaceQuynhAnh/build/py_pubsub/build install --record /home/haliedo/IntroWorkSpaceQuynhAnh/build/py_pubsub/install.log --install-scripts $base/lib/py_pubsub --single-version-externally-managed
