-- The C compiler identification is GNU 9.4.0
-- The CXX compiler identification is GNU 9.4.0
-- Check for working C compiler: /usr/bin/cc
-- Check for working C compiler: /usr/bin/cc -- works
-- Detecting C compiler ABI info
-- Detecting C compiler ABI info - done
-- Detecting C compile features
-- Detecting C compile features - done
-- Check for working CXX compiler: /usr/bin/c++
-- Check for working CXX compiler: /usr/bin/c++ -- works
-- Detecting CXX compiler ABI info
-- Detecting CXX compiler ABI info - done
-- Detecting CXX compile features
-- Detecting CXX compile features - done
-- Found ament_cmake: 0.9.11 (/opt/ros/foxy/share/ament_cmake/cmake)
-- Found PythonInterp: /usr/bin/python3 (found suitable version "3.8.10", minimum required is "3") 
-- Using PYTHON_EXECUTABLE: /usr/bin/python3
-- Found ament_lint_auto: 0.9.7 (/opt/ros/foxy/share/ament_lint_auto/cmake)
-- Added test 'copyright' to check source files copyright and LICENSE
-- Added test 'cppcheck' to perform static code analysis on C / C++ code
-- Configured cppcheck include dirs: $<BUILD_INTERFACE:/home/haliedo/IntroWorkSpaceQuynhAnh/src/em_yeu_anh_ko_thuong_tiec_gi/include>
-- Configured cppcheck exclude dirs and/or files: 
-- Added test 'cpplint' to check C / C++ code against the Google style
-- Configured cpplint exclude dirs and/or files: 
-- Added test 'lint_cmake' to check CMake code style
-- Added test 'uncrustify' to check C / C++ code style
-- Configured uncrustify additional arguments: 
-- Added test 'xmllint' to check XML markup files
-- Configuring done
-- Generating done
-- Build files have been written to: /home/haliedo/IntroWorkSpaceQuynhAnh/src/build/em_yeu_anh_ko_thuong_tiec_gi
[35m[1mScanning dependencies of target cho_de[0m
[ 50%] [32mBuilding CXX object CMakeFiles/cho_de.dir/src/cho_de.cpp.o[0m
[100%] [32m[1mLinking CXX executable cho_de[0m
[100%] Built target cho_de
-- Install configuration: ""
-- Installing: /home/haliedo/IntroWorkSpaceQuynhAnh/src/install/em_yeu_anh_ko_thuong_tiec_gi/lib/em_yeu_anh_ko_thuong_tiec_gi/cho_de
-- Installing: /home/haliedo/IntroWorkSpaceQuynhAnh/src/install/em_yeu_anh_ko_thuong_tiec_gi/share/ament_index/resource_index/package_run_dependencies/em_yeu_anh_ko_thuong_tiec_gi
-- Installing: /home/haliedo/IntroWorkSpaceQuynhAnh/src/install/em_yeu_anh_ko_thuong_tiec_gi/share/ament_index/resource_index/parent_prefix_path/em_yeu_anh_ko_thuong_tiec_gi
-- Installing: /home/haliedo/IntroWorkSpaceQuynhAnh/src/install/em_yeu_anh_ko_thuong_tiec_gi/share/em_yeu_anh_ko_thuong_tiec_gi/environment/ament_prefix_path.sh
-- Installing: /home/haliedo/IntroWorkSpaceQuynhAnh/src/install/em_yeu_anh_ko_thuong_tiec_gi/share/em_yeu_anh_ko_thuong_tiec_gi/environment/ament_prefix_path.dsv
-- Installing: /home/haliedo/IntroWorkSpaceQuynhAnh/src/install/em_yeu_anh_ko_thuong_tiec_gi/share/em_yeu_anh_ko_thuong_tiec_gi/environment/path.sh
-- Installing: /home/haliedo/IntroWorkSpaceQuynhAnh/src/install/em_yeu_anh_ko_thuong_tiec_gi/share/em_yeu_anh_ko_thuong_tiec_gi/environment/path.dsv
-- Installing: /home/haliedo/IntroWorkSpaceQuynhAnh/src/install/em_yeu_anh_ko_thuong_tiec_gi/share/em_yeu_anh_ko_thuong_tiec_gi/local_setup.bash
-- Installing: /home/haliedo/IntroWorkSpaceQuynhAnh/src/install/em_yeu_anh_ko_thuong_tiec_gi/share/em_yeu_anh_ko_thuong_tiec_gi/local_setup.sh
-- Installing: /home/haliedo/IntroWorkSpaceQuynhAnh/src/install/em_yeu_anh_ko_thuong_tiec_gi/share/em_yeu_anh_ko_thuong_tiec_gi/local_setup.zsh
-- Installing: /home/haliedo/IntroWorkSpaceQuynhAnh/src/install/em_yeu_anh_ko_thuong_tiec_gi/share/em_yeu_anh_ko_thuong_tiec_gi/local_setup.dsv
-- Installing: /home/haliedo/IntroWorkSpaceQuynhAnh/src/install/em_yeu_anh_ko_thuong_tiec_gi/share/em_yeu_anh_ko_thuong_tiec_gi/package.dsv
-- Installing: /home/haliedo/IntroWorkSpaceQuynhAnh/src/install/em_yeu_anh_ko_thuong_tiec_gi/share/ament_index/resource_index/packages/em_yeu_anh_ko_thuong_tiec_gi
-- Installing: /home/haliedo/IntroWorkSpaceQuynhAnh/src/install/em_yeu_anh_ko_thuong_tiec_gi/share/em_yeu_anh_ko_thuong_tiec_gi/cmake/em_yeu_anh_ko_thuong_tiec_giConfig.cmake
-- Installing: /home/haliedo/IntroWorkSpaceQuynhAnh/src/install/em_yeu_anh_ko_thuong_tiec_gi/share/em_yeu_anh_ko_thuong_tiec_gi/cmake/em_yeu_anh_ko_thuong_tiec_giConfig-version.cmake
-- Installing: /home/haliedo/IntroWorkSpaceQuynhAnh/src/install/em_yeu_anh_ko_thuong_tiec_gi/share/em_yeu_anh_ko_thuong_tiec_gi/package.xml
